[0.213s] DEBUG:colcon:Command line arguments: ['/usr/bin/colcon', 'build', '--packages-select', 'chassis_display']
[0.213s] DEBUG:colcon:Parsed command line arguments: Namespace(log_base=None, log_level=None, verb_name='build', build_base='build', install_base='install', merge_install=False, symlink_install=False, test_result_base=None, continue_on_error=False, executor='parallel', parallel_workers=6, event_handlers=None, ignore_user_meta=False, metas=['./colcon.meta'], base_paths=['.'], packages_ignore=None, packages_ignore_regex=None, paths=None, packages_up_to=None, packages_up_to_regex=None, packages_above=None, packages_above_and_dependencies=None, packages_above_depth=None, packages_select_by_dep=None, packages_skip_by_dep=None, packages_skip_up_to=None, packages_select_build_failed=False, packages_skip_build_finished=False, packages_select_test_failures=False, packages_skip_test_passed=False, packages_select=['chassis_display'], packages_skip=None, packages_select_regex=None, packages_skip_regex=None, packages_start=None, packages_end=None, allow_overriding=[], cmake_args=None, cmake_target=None, cmake_target_skip_unavailable=False, cmake_clean_cache=False, cmake_clean_first=False, cmake_force_configure=False, ament_cmake_args=None, catkin_cmake_args=None, catkin_skip_building_tests=False, verb_parser=<colcon_defaults.argument_parser.defaults.DefaultArgumentsDecorator object at 0xffff8b264c40>, verb_extension=<colcon_core.verb.build.BuildVerb object at 0xffff8b2646d0>, main=<bound method BuildVerb.main of <colcon_core.verb.build.BuildVerb object at 0xffff8b2646d0>>)
[0.551s] Level 1:colcon.colcon_core.package_discovery:discover_packages(colcon_meta) check parameters
[0.552s] Level 1:colcon.colcon_core.package_discovery:discover_packages(recursive) check parameters
[0.552s] Level 1:colcon.colcon_core.package_discovery:discover_packages(ignore) check parameters
[0.552s] Level 1:colcon.colcon_core.package_discovery:discover_packages(path) check parameters
[0.552s] Level 1:colcon.colcon_core.package_discovery:discover_packages(colcon_meta) discover
[0.552s] Level 1:colcon.colcon_core.package_discovery:discover_packages(recursive) discover
[0.552s] INFO:colcon.colcon_core.package_discovery:Crawling recursively for packages in '/home/sirius/ssd/ros2workspace/src'
[0.553s] Level 1:colcon.colcon_core.package_identification:_identify(.) by extensions ['ignore', 'ignore_ament_install']
[0.553s] Level 1:colcon.colcon_core.package_identification:_identify(.) by extension 'ignore'
[0.553s] Level 1:colcon.colcon_core.package_identification:_identify(.) by extension 'ignore_ament_install'
[0.553s] Level 1:colcon.colcon_core.package_identification:_identify(.) by extensions ['colcon_pkg']
[0.553s] Level 1:colcon.colcon_core.package_identification:_identify(.) by extension 'colcon_pkg'
[0.553s] Level 1:colcon.colcon_core.package_identification:_identify(.) by extensions ['colcon_meta']
[0.553s] Level 1:colcon.colcon_core.package_identification:_identify(.) by extension 'colcon_meta'
[0.553s] Level 1:colcon.colcon_core.package_identification:_identify(.) by extensions ['ros']
[0.553s] Level 1:colcon.colcon_core.package_identification:_identify(.) by extension 'ros'
[0.574s] Level 1:colcon.colcon_core.package_identification:_identify(.) by extensions ['cmake', 'python']
[0.574s] Level 1:colcon.colcon_core.package_identification:_identify(.) by extension 'cmake'
[0.574s] Level 1:colcon.colcon_core.package_identification:_identify(.) by extension 'python'
[0.574s] Level 1:colcon.colcon_core.package_identification:_identify(.) by extensions ['python_setup_py']
[0.574s] Level 1:colcon.colcon_core.package_identification:_identify(.) by extension 'python_setup_py'
[0.575s] Level 1:colcon.colcon_core.package_identification:_identify(OrbbecSDK_ROS2) by extensions ['ignore', 'ignore_ament_install']
[0.575s] Level 1:colcon.colcon_core.package_identification:_identify(OrbbecSDK_ROS2) by extension 'ignore'
[0.575s] Level 1:colcon.colcon_core.package_identification:_identify(OrbbecSDK_ROS2) by extension 'ignore_ament_install'
[0.575s] Level 1:colcon.colcon_core.package_identification:_identify(OrbbecSDK_ROS2) by extensions ['colcon_pkg']
[0.575s] Level 1:colcon.colcon_core.package_identification:_identify(OrbbecSDK_ROS2) by extension 'colcon_pkg'
[0.575s] Level 1:colcon.colcon_core.package_identification:_identify(OrbbecSDK_ROS2) by extensions ['colcon_meta']
[0.575s] Level 1:colcon.colcon_core.package_identification:_identify(OrbbecSDK_ROS2) by extension 'colcon_meta'
[0.575s] Level 1:colcon.colcon_core.package_identification:_identify(OrbbecSDK_ROS2) by extensions ['ros']
[0.575s] Level 1:colcon.colcon_core.package_identification:_identify(OrbbecSDK_ROS2) by extension 'ros'
[0.575s] Level 1:colcon.colcon_core.package_identification:_identify(OrbbecSDK_ROS2) by extensions ['cmake', 'python']
[0.576s] Level 1:colcon.colcon_core.package_identification:_identify(OrbbecSDK_ROS2) by extension 'cmake'
[0.576s] Level 1:colcon.colcon_core.package_identification:_identify(OrbbecSDK_ROS2) by extension 'python'
[0.576s] Level 1:colcon.colcon_core.package_identification:_identify(OrbbecSDK_ROS2) by extensions ['python_setup_py']
[0.576s] Level 1:colcon.colcon_core.package_identification:_identify(OrbbecSDK_ROS2) by extension 'python_setup_py'
[0.576s] Level 1:colcon.colcon_core.package_identification:_identify(OrbbecSDK_ROS2/docs) by extensions ['ignore', 'ignore_ament_install']
[0.576s] Level 1:colcon.colcon_core.package_identification:_identify(OrbbecSDK_ROS2/docs) by extension 'ignore'
[0.576s] Level 1:colcon.colcon_core.package_identification:_identify(OrbbecSDK_ROS2/docs) by extension 'ignore_ament_install'
[0.576s] Level 1:colcon.colcon_core.package_identification:_identify(OrbbecSDK_ROS2/docs) by extensions ['colcon_pkg']
[0.576s] Level 1:colcon.colcon_core.package_identification:_identify(OrbbecSDK_ROS2/docs) by extension 'colcon_pkg'
[0.576s] Level 1:colcon.colcon_core.package_identification:_identify(OrbbecSDK_ROS2/docs) by extensions ['colcon_meta']
[0.576s] Level 1:colcon.colcon_core.package_identification:_identify(OrbbecSDK_ROS2/docs) by extension 'colcon_meta'
[0.577s] Level 1:colcon.colcon_core.package_identification:_identify(OrbbecSDK_ROS2/docs) by extensions ['ros']
[0.577s] Level 1:colcon.colcon_core.package_identification:_identify(OrbbecSDK_ROS2/docs) by extension 'ros'
[0.577s] Level 1:colcon.colcon_core.package_identification:_identify(OrbbecSDK_ROS2/docs) by extensions ['cmake', 'python']
[0.577s] Level 1:colcon.colcon_core.package_identification:_identify(OrbbecSDK_ROS2/docs) by extension 'cmake'
[0.577s] Level 1:colcon.colcon_core.package_identification:_identify(OrbbecSDK_ROS2/docs) by extension 'python'
[0.577s] Level 1:colcon.colcon_core.package_identification:_identify(OrbbecSDK_ROS2/docs) by extensions ['python_setup_py']
[0.577s] Level 1:colcon.colcon_core.package_identification:_identify(OrbbecSDK_ROS2/docs) by extension 'python_setup_py'
[0.577s] Level 1:colcon.colcon_core.package_identification:_identify(OrbbecSDK_ROS2/docs/images) by extensions ['ignore', 'ignore_ament_install']
[0.577s] Level 1:colcon.colcon_core.package_identification:_identify(OrbbecSDK_ROS2/docs/images) by extension 'ignore'
[0.577s] Level 1:colcon.colcon_core.package_identification:_identify(OrbbecSDK_ROS2/docs/images) by extension 'ignore_ament_install'
[0.578s] Level 1:colcon.colcon_core.package_identification:_identify(OrbbecSDK_ROS2/docs/images) by extensions ['colcon_pkg']
[0.578s] Level 1:colcon.colcon_core.package_identification:_identify(OrbbecSDK_ROS2/docs/images) by extension 'colcon_pkg'
[0.578s] Level 1:colcon.colcon_core.package_identification:_identify(OrbbecSDK_ROS2/docs/images) by extensions ['colcon_meta']
[0.578s] Level 1:colcon.colcon_core.package_identification:_identify(OrbbecSDK_ROS2/docs/images) by extension 'colcon_meta'
[0.578s] Level 1:colcon.colcon_core.package_identification:_identify(OrbbecSDK_ROS2/docs/images) by extensions ['ros']
[0.578s] Level 1:colcon.colcon_core.package_identification:_identify(OrbbecSDK_ROS2/docs/images) by extension 'ros'
[0.578s] Level 1:colcon.colcon_core.package_identification:_identify(OrbbecSDK_ROS2/docs/images) by extensions ['cmake', 'python']
[0.578s] Level 1:colcon.colcon_core.package_identification:_identify(OrbbecSDK_ROS2/docs/images) by extension 'cmake'
[0.578s] Level 1:colcon.colcon_core.package_identification:_identify(OrbbecSDK_ROS2/docs/images) by extension 'python'
[0.578s] Level 1:colcon.colcon_core.package_identification:_identify(OrbbecSDK_ROS2/docs/images) by extensions ['python_setup_py']
[0.578s] Level 1:colcon.colcon_core.package_identification:_identify(OrbbecSDK_ROS2/docs/images) by extension 'python_setup_py'
[0.579s] Level 1:colcon.colcon_core.package_identification:_identify(OrbbecSDK_ROS2/orbbec_camera) by extensions ['ignore', 'ignore_ament_install']
[0.579s] Level 1:colcon.colcon_core.package_identification:_identify(OrbbecSDK_ROS2/orbbec_camera) by extension 'ignore'
[0.579s] Level 1:colcon.colcon_core.package_identification:_identify(OrbbecSDK_ROS2/orbbec_camera) by extension 'ignore_ament_install'
[0.579s] Level 1:colcon.colcon_core.package_identification:_identify(OrbbecSDK_ROS2/orbbec_camera) by extensions ['colcon_pkg']
[0.579s] Level 1:colcon.colcon_core.package_identification:_identify(OrbbecSDK_ROS2/orbbec_camera) by extension 'colcon_pkg'
[0.579s] Level 1:colcon.colcon_core.package_identification:_identify(OrbbecSDK_ROS2/orbbec_camera) by extensions ['colcon_meta']
[0.579s] Level 1:colcon.colcon_core.package_identification:_identify(OrbbecSDK_ROS2/orbbec_camera) by extension 'colcon_meta'
[0.579s] Level 1:colcon.colcon_core.package_identification:_identify(OrbbecSDK_ROS2/orbbec_camera) by extensions ['ros']
[0.579s] Level 1:colcon.colcon_core.package_identification:_identify(OrbbecSDK_ROS2/orbbec_camera) by extension 'ros'
[0.589s] DEBUG:colcon.colcon_core.package_identification:Package 'OrbbecSDK_ROS2/orbbec_camera' with type 'ros.ament_cmake' and name 'orbbec_camera'
[0.590s] Level 1:colcon.colcon_core.package_identification:_identify(OrbbecSDK_ROS2/orbbec_camera_msgs) by extensions ['ignore', 'ignore_ament_install']
[0.590s] Level 1:colcon.colcon_core.package_identification:_identify(OrbbecSDK_ROS2/orbbec_camera_msgs) by extension 'ignore'
[0.590s] Level 1:colcon.colcon_core.package_identification:_identify(OrbbecSDK_ROS2/orbbec_camera_msgs) by extension 'ignore_ament_install'
[0.590s] Level 1:colcon.colcon_core.package_identification:_identify(OrbbecSDK_ROS2/orbbec_camera_msgs) by extensions ['colcon_pkg']
[0.590s] Level 1:colcon.colcon_core.package_identification:_identify(OrbbecSDK_ROS2/orbbec_camera_msgs) by extension 'colcon_pkg'
[0.590s] Level 1:colcon.colcon_core.package_identification:_identify(OrbbecSDK_ROS2/orbbec_camera_msgs) by extensions ['colcon_meta']
[0.591s] Level 1:colcon.colcon_core.package_identification:_identify(OrbbecSDK_ROS2/orbbec_camera_msgs) by extension 'colcon_meta'
[0.591s] Level 1:colcon.colcon_core.package_identification:_identify(OrbbecSDK_ROS2/orbbec_camera_msgs) by extensions ['ros']
[0.591s] Level 1:colcon.colcon_core.package_identification:_identify(OrbbecSDK_ROS2/orbbec_camera_msgs) by extension 'ros'
[0.592s] DEBUG:colcon.colcon_core.package_identification:Package 'OrbbecSDK_ROS2/orbbec_camera_msgs' with type 'ros.ament_cmake' and name 'orbbec_camera_msgs'
[0.592s] Level 1:colcon.colcon_core.package_identification:_identify(OrbbecSDK_ROS2/orbbec_description) by extensions ['ignore', 'ignore_ament_install']
[0.592s] Level 1:colcon.colcon_core.package_identification:_identify(OrbbecSDK_ROS2/orbbec_description) by extension 'ignore'
[0.592s] Level 1:colcon.colcon_core.package_identification:_identify(OrbbecSDK_ROS2/orbbec_description) by extension 'ignore_ament_install'
[0.592s] Level 1:colcon.colcon_core.package_identification:_identify(OrbbecSDK_ROS2/orbbec_description) by extensions ['colcon_pkg']
[0.592s] Level 1:colcon.colcon_core.package_identification:_identify(OrbbecSDK_ROS2/orbbec_description) by extension 'colcon_pkg'
[0.593s] Level 1:colcon.colcon_core.package_identification:_identify(OrbbecSDK_ROS2/orbbec_description) by extensions ['colcon_meta']
[0.593s] Level 1:colcon.colcon_core.package_identification:_identify(OrbbecSDK_ROS2/orbbec_description) by extension 'colcon_meta'
[0.593s] Level 1:colcon.colcon_core.package_identification:_identify(OrbbecSDK_ROS2/orbbec_description) by extensions ['ros']
[0.593s] Level 1:colcon.colcon_core.package_identification:_identify(OrbbecSDK_ROS2/orbbec_description) by extension 'ros'
[0.594s] DEBUG:colcon.colcon_core.package_identification:Package 'OrbbecSDK_ROS2/orbbec_description' with type 'ros.ament_cmake' and name 'orbbec_description'
[0.594s] Level 1:colcon.colcon_core.package_identification:_identify(build) by extensions ['ignore', 'ignore_ament_install']
[0.594s] Level 1:colcon.colcon_core.package_identification:_identify(build) by extension 'ignore'
[0.594s] Level 1:colcon.colcon_core.package_identification:_identify(build) ignored
[0.594s] Level 1:colcon.colcon_core.package_identification:_identify(camera_driver) by extensions ['ignore', 'ignore_ament_install']
[0.595s] Level 1:colcon.colcon_core.package_identification:_identify(camera_driver) by extension 'ignore'
[0.595s] Level 1:colcon.colcon_core.package_identification:_identify(camera_driver) by extension 'ignore_ament_install'
[0.595s] Level 1:colcon.colcon_core.package_identification:_identify(camera_driver) by extensions ['colcon_pkg']
[0.595s] Level 1:colcon.colcon_core.package_identification:_identify(camera_driver) by extension 'colcon_pkg'
[0.595s] Level 1:colcon.colcon_core.package_identification:_identify(camera_driver) by extensions ['colcon_meta']
[0.595s] Level 1:colcon.colcon_core.package_identification:_identify(camera_driver) by extension 'colcon_meta'
[0.595s] Level 1:colcon.colcon_core.package_identification:_identify(camera_driver) by extensions ['ros']
[0.595s] Level 1:colcon.colcon_core.package_identification:_identify(camera_driver) by extension 'ros'
[0.596s] DEBUG:colcon.colcon_core.package_identification:Package 'camera_driver' with type 'ros.ament_python' and name 'camera_driver'
[0.597s] Level 1:colcon.colcon_core.package_identification:_identify(camera_pub) by extensions ['ignore', 'ignore_ament_install']
[0.597s] Level 1:colcon.colcon_core.package_identification:_identify(camera_pub) by extension 'ignore'
[0.597s] Level 1:colcon.colcon_core.package_identification:_identify(camera_pub) by extension 'ignore_ament_install'
[0.597s] Level 1:colcon.colcon_core.package_identification:_identify(camera_pub) by extensions ['colcon_pkg']
[0.597s] Level 1:colcon.colcon_core.package_identification:_identify(camera_pub) by extension 'colcon_pkg'
[0.597s] Level 1:colcon.colcon_core.package_identification:_identify(camera_pub) by extensions ['colcon_meta']
[0.597s] Level 1:colcon.colcon_core.package_identification:_identify(camera_pub) by extension 'colcon_meta'
[0.597s] Level 1:colcon.colcon_core.package_identification:_identify(camera_pub) by extensions ['ros']
[0.597s] Level 1:colcon.colcon_core.package_identification:_identify(camera_pub) by extension 'ros'
[0.599s] DEBUG:colcon.colcon_core.package_identification:Package 'camera_pub' with type 'ros.ament_python' and name 'camera_pub'
[0.599s] Level 1:colcon.colcon_core.package_identification:_identify(chassis_description) by extensions ['ignore', 'ignore_ament_install']
[0.599s] Level 1:colcon.colcon_core.package_identification:_identify(chassis_description) by extension 'ignore'
[0.599s] Level 1:colcon.colcon_core.package_identification:_identify(chassis_description) by extension 'ignore_ament_install'
[0.599s] Level 1:colcon.colcon_core.package_identification:_identify(chassis_description) by extensions ['colcon_pkg']
[0.599s] Level 1:colcon.colcon_core.package_identification:_identify(chassis_description) by extension 'colcon_pkg'
[0.599s] Level 1:colcon.colcon_core.package_identification:_identify(chassis_description) by extensions ['colcon_meta']
[0.599s] Level 1:colcon.colcon_core.package_identification:_identify(chassis_description) by extension 'colcon_meta'
[0.599s] Level 1:colcon.colcon_core.package_identification:_identify(chassis_description) by extensions ['ros']
[0.599s] Level 1:colcon.colcon_core.package_identification:_identify(chassis_description) by extension 'ros'
[0.600s] DEBUG:colcon.colcon_core.package_identification:Package 'chassis_description' with type 'ros.ament_cmake' and name 'chassis_description'
[0.601s] Level 1:colcon.colcon_core.package_identification:_identify(chassis_display) by extensions ['ignore', 'ignore_ament_install']
[0.627s] Level 1:colcon.colcon_core.package_identification:_identify(chassis_display) by extension 'ignore'
[0.627s] Level 1:colcon.colcon_core.package_identification:_identify(chassis_display) by extension 'ignore_ament_install'
[0.628s] Level 1:colcon.colcon_core.package_identification:_identify(chassis_display) by extensions ['colcon_pkg']
[0.628s] Level 1:colcon.colcon_core.package_identification:_identify(chassis_display) by extension 'colcon_pkg'
[0.628s] Level 1:colcon.colcon_core.package_identification:_identify(chassis_display) by extensions ['colcon_meta']
[0.628s] Level 1:colcon.colcon_core.package_identification:_identify(chassis_display) by extension 'colcon_meta'
[0.628s] Level 1:colcon.colcon_core.package_identification:_identify(chassis_display) by extensions ['ros']
[0.628s] Level 1:colcon.colcon_core.package_identification:_identify(chassis_display) by extension 'ros'
[0.629s] DEBUG:colcon.colcon_core.package_identification:Package 'chassis_display' with type 'ros.ament_cmake' and name 'chassis_display'
[0.629s] Level 1:colcon.colcon_core.package_identification:_identify(chassis_hardware) by extensions ['ignore', 'ignore_ament_install']
[0.630s] Level 1:colcon.colcon_core.package_identification:_identify(chassis_hardware) by extension 'ignore'
[0.630s] Level 1:colcon.colcon_core.package_identification:_identify(chassis_hardware) by extension 'ignore_ament_install'
[0.630s] Level 1:colcon.colcon_core.package_identification:_identify(chassis_hardware) by extensions ['colcon_pkg']
[0.630s] Level 1:colcon.colcon_core.package_identification:_identify(chassis_hardware) by extension 'colcon_pkg'
[0.630s] Level 1:colcon.colcon_core.package_identification:_identify(chassis_hardware) by extensions ['colcon_meta']
[0.630s] Level 1:colcon.colcon_core.package_identification:_identify(chassis_hardware) by extension 'colcon_meta'
[0.630s] Level 1:colcon.colcon_core.package_identification:_identify(chassis_hardware) by extensions ['ros']
[0.630s] Level 1:colcon.colcon_core.package_identification:_identify(chassis_hardware) by extension 'ros'
[0.632s] DEBUG:colcon.colcon_core.package_identification:Package 'chassis_hardware' with type 'ros.ament_cmake' and name 'chassis_hardware'
[0.632s] Level 1:colcon.colcon_core.package_identification:_identify(chassis_visualization) by extensions ['ignore', 'ignore_ament_install']
[0.632s] Level 1:colcon.colcon_core.package_identification:_identify(chassis_visualization) by extension 'ignore'
[0.632s] Level 1:colcon.colcon_core.package_identification:_identify(chassis_visualization) by extension 'ignore_ament_install'
[0.633s] Level 1:colcon.colcon_core.package_identification:_identify(chassis_visualization) by extensions ['colcon_pkg']
[0.633s] Level 1:colcon.colcon_core.package_identification:_identify(chassis_visualization) by extension 'colcon_pkg'
[0.633s] Level 1:colcon.colcon_core.package_identification:_identify(chassis_visualization) by extensions ['colcon_meta']
[0.633s] Level 1:colcon.colcon_core.package_identification:_identify(chassis_visualization) by extension 'colcon_meta'
[0.633s] Level 1:colcon.colcon_core.package_identification:_identify(chassis_visualization) by extensions ['ros']
[0.633s] Level 1:colcon.colcon_core.package_identification:_identify(chassis_visualization) by extension 'ros'
[0.633s] Level 1:colcon.colcon_core.package_identification:_identify(chassis_visualization) by extensions ['cmake', 'python']
[0.633s] Level 1:colcon.colcon_core.package_identification:_identify(chassis_visualization) by extension 'cmake'
[0.633s] Level 1:colcon.colcon_core.package_identification:_identify(chassis_visualization) by extension 'python'
[0.633s] Level 1:colcon.colcon_core.package_identification:_identify(chassis_visualization) by extensions ['python_setup_py']
[0.633s] Level 1:colcon.colcon_core.package_identification:_identify(chassis_visualization) by extension 'python_setup_py'
[1.175s] DEBUG:colcon.colcon_core.package_identification:Package 'chassis_visualization' with type 'python' and name 'chassis_visualization'
[1.176s] Level 1:colcon.colcon_core.package_identification:_identify(diffbot_service) by extensions ['ignore', 'ignore_ament_install']
[1.176s] Level 1:colcon.colcon_core.package_identification:_identify(diffbot_service) by extension 'ignore'
[1.176s] Level 1:colcon.colcon_core.package_identification:_identify(diffbot_service) by extension 'ignore_ament_install'
[1.176s] Level 1:colcon.colcon_core.package_identification:_identify(diffbot_service) by extensions ['colcon_pkg']
[1.176s] Level 1:colcon.colcon_core.package_identification:_identify(diffbot_service) by extension 'colcon_pkg'
[1.176s] Level 1:colcon.colcon_core.package_identification:_identify(diffbot_service) by extensions ['colcon_meta']
[1.176s] Level 1:colcon.colcon_core.package_identification:_identify(diffbot_service) by extension 'colcon_meta'
[1.177s] Level 1:colcon.colcon_core.package_identification:_identify(diffbot_service) by extensions ['ros']
[1.177s] Level 1:colcon.colcon_core.package_identification:_identify(diffbot_service) by extension 'ros'
[1.179s] DEBUG:colcon.colcon_core.package_identification:Package 'diffbot_service' with type 'ros.ament_cmake' and name 'diffbot_service'
[1.179s] Level 1:colcon.colcon_core.package_identification:_identify(gimbal_description) by extensions ['ignore', 'ignore_ament_install']
[1.179s] Level 1:colcon.colcon_core.package_identification:_identify(gimbal_description) by extension 'ignore'
[1.179s] Level 1:colcon.colcon_core.package_identification:_identify(gimbal_description) by extension 'ignore_ament_install'
[1.179s] Level 1:colcon.colcon_core.package_identification:_identify(gimbal_description) by extensions ['colcon_pkg']
[1.179s] Level 1:colcon.colcon_core.package_identification:_identify(gimbal_description) by extension 'colcon_pkg'
[1.179s] Level 1:colcon.colcon_core.package_identification:_identify(gimbal_description) by extensions ['colcon_meta']
[1.180s] Level 1:colcon.colcon_core.package_identification:_identify(gimbal_description) by extension 'colcon_meta'
[1.180s] Level 1:colcon.colcon_core.package_identification:_identify(gimbal_description) by extensions ['ros']
[1.180s] Level 1:colcon.colcon_core.package_identification:_identify(gimbal_description) by extension 'ros'
[1.181s] DEBUG:colcon.colcon_core.package_identification:Package 'gimbal_description' with type 'ros.ament_cmake' and name 'gimbal_description'
[1.181s] Level 1:colcon.colcon_core.package_identification:_identify(gimbal_pixel_controller) by extensions ['ignore', 'ignore_ament_install']
[1.182s] Level 1:colcon.colcon_core.package_identification:_identify(gimbal_pixel_controller) by extension 'ignore'
[1.182s] Level 1:colcon.colcon_core.package_identification:_identify(gimbal_pixel_controller) by extension 'ignore_ament_install'
[1.182s] Level 1:colcon.colcon_core.package_identification:_identify(gimbal_pixel_controller) by extensions ['colcon_pkg']
[1.182s] Level 1:colcon.colcon_core.package_identification:_identify(gimbal_pixel_controller) by extension 'colcon_pkg'
[1.182s] Level 1:colcon.colcon_core.package_identification:_identify(gimbal_pixel_controller) by extensions ['colcon_meta']
[1.182s] Level 1:colcon.colcon_core.package_identification:_identify(gimbal_pixel_controller) by extension 'colcon_meta'
[1.182s] Level 1:colcon.colcon_core.package_identification:_identify(gimbal_pixel_controller) by extensions ['ros']
[1.182s] Level 1:colcon.colcon_core.package_identification:_identify(gimbal_pixel_controller) by extension 'ros'
[1.183s] DEBUG:colcon.colcon_core.package_identification:Package 'gimbal_pixel_controller' with type 'ros.ament_python' and name 'gimbal_pixel_controller'
[1.183s] Level 1:colcon.colcon_core.package_identification:_identify(gimbal_pixel_mapper) by extensions ['ignore', 'ignore_ament_install']
[1.184s] Level 1:colcon.colcon_core.package_identification:_identify(gimbal_pixel_mapper) by extension 'ignore'
[1.184s] Level 1:colcon.colcon_core.package_identification:_identify(gimbal_pixel_mapper) by extension 'ignore_ament_install'
[1.184s] Level 1:colcon.colcon_core.package_identification:_identify(gimbal_pixel_mapper) by extensions ['colcon_pkg']
[1.184s] Level 1:colcon.colcon_core.package_identification:_identify(gimbal_pixel_mapper) by extension 'colcon_pkg'
[1.184s] Level 1:colcon.colcon_core.package_identification:_identify(gimbal_pixel_mapper) by extensions ['colcon_meta']
[1.184s] Level 1:colcon.colcon_core.package_identification:_identify(gimbal_pixel_mapper) by extension 'colcon_meta'
[1.184s] Level 1:colcon.colcon_core.package_identification:_identify(gimbal_pixel_mapper) by extensions ['ros']
[1.184s] Level 1:colcon.colcon_core.package_identification:_identify(gimbal_pixel_mapper) by extension 'ros'
[1.185s] DEBUG:colcon.colcon_core.package_identification:Package 'gimbal_pixel_mapper' with type 'ros.ament_python' and name 'gimbal_pixel_mapper'
[1.186s] Level 1:colcon.colcon_core.package_identification:_identify(gimbal_serial_comm) by extensions ['ignore', 'ignore_ament_install']
[1.187s] Level 1:colcon.colcon_core.package_identification:_identify(gimbal_serial_comm) by extension 'ignore'
[1.187s] Level 1:colcon.colcon_core.package_identification:_identify(gimbal_serial_comm) by extension 'ignore_ament_install'
[1.187s] Level 1:colcon.colcon_core.package_identification:_identify(gimbal_serial_comm) by extensions ['colcon_pkg']
[1.187s] Level 1:colcon.colcon_core.package_identification:_identify(gimbal_serial_comm) by extension 'colcon_pkg'
[1.188s] Level 1:colcon.colcon_core.package_identification:_identify(gimbal_serial_comm) by extensions ['colcon_meta']
[1.188s] Level 1:colcon.colcon_core.package_identification:_identify(gimbal_serial_comm) by extension 'colcon_meta'
[1.188s] Level 1:colcon.colcon_core.package_identification:_identify(gimbal_serial_comm) by extensions ['ros']
[1.188s] Level 1:colcon.colcon_core.package_identification:_identify(gimbal_serial_comm) by extension 'ros'
[1.190s] DEBUG:colcon.colcon_core.package_identification:Package 'gimbal_serial_comm' with type 'ros.ament_python' and name 'gimbal_serial_comm'
[1.190s] Level 1:colcon.colcon_core.package_identification:_identify(gimbal_trajectory_planner) by extensions ['ignore', 'ignore_ament_install']
[1.190s] Level 1:colcon.colcon_core.package_identification:_identify(gimbal_trajectory_planner) by extension 'ignore'
[1.190s] Level 1:colcon.colcon_core.package_identification:_identify(gimbal_trajectory_planner) by extension 'ignore_ament_install'
[1.190s] Level 1:colcon.colcon_core.package_identification:_identify(gimbal_trajectory_planner) by extensions ['colcon_pkg']
[1.190s] Level 1:colcon.colcon_core.package_identification:_identify(gimbal_trajectory_planner) by extension 'colcon_pkg'
[1.191s] Level 1:colcon.colcon_core.package_identification:_identify(gimbal_trajectory_planner) by extensions ['colcon_meta']
[1.191s] Level 1:colcon.colcon_core.package_identification:_identify(gimbal_trajectory_planner) by extension 'colcon_meta'
[1.191s] Level 1:colcon.colcon_core.package_identification:_identify(gimbal_trajectory_planner) by extensions ['ros']
[1.191s] Level 1:colcon.colcon_core.package_identification:_identify(gimbal_trajectory_planner) by extension 'ros'
[1.193s] DEBUG:colcon.colcon_core.package_identification:Package 'gimbal_trajectory_planner' with type 'ros.ament_python' and name 'gimbal_trajectory_planner'
[1.193s] Level 1:colcon.colcon_core.package_identification:_identify(install) by extensions ['ignore', 'ignore_ament_install']
[1.193s] Level 1:colcon.colcon_core.package_identification:_identify(install) by extension 'ignore'
[1.193s] Level 1:colcon.colcon_core.package_identification:_identify(install) ignored
[1.193s] Level 1:colcon.colcon_core.package_identification:_identify(keyboard_teleop) by extensions ['ignore', 'ignore_ament_install']
[1.193s] Level 1:colcon.colcon_core.package_identification:_identify(keyboard_teleop) by extension 'ignore'
[1.193s] Level 1:colcon.colcon_core.package_identification:_identify(keyboard_teleop) by extension 'ignore_ament_install'
[1.194s] Level 1:colcon.colcon_core.package_identification:_identify(keyboard_teleop) by extensions ['colcon_pkg']
[1.194s] Level 1:colcon.colcon_core.package_identification:_identify(keyboard_teleop) by extension 'colcon_pkg'
[1.194s] Level 1:colcon.colcon_core.package_identification:_identify(keyboard_teleop) by extensions ['colcon_meta']
[1.194s] Level 1:colcon.colcon_core.package_identification:_identify(keyboard_teleop) by extension 'colcon_meta'
[1.194s] Level 1:colcon.colcon_core.package_identification:_identify(keyboard_teleop) by extensions ['ros']
[1.194s] Level 1:colcon.colcon_core.package_identification:_identify(keyboard_teleop) by extension 'ros'
[1.195s] DEBUG:colcon.colcon_core.package_identification:Package 'keyboard_teleop' with type 'ros.ament_python' and name 'keyboard_teleop'
[1.195s] Level 1:colcon.colcon_core.package_identification:_identify(log) by extensions ['ignore', 'ignore_ament_install']
[1.195s] Level 1:colcon.colcon_core.package_identification:_identify(log) by extension 'ignore'
[1.195s] Level 1:colcon.colcon_core.package_identification:_identify(log) ignored
[1.195s] Level 1:colcon.colcon_core.package_identification:_identify(micro_ros_setup) by extensions ['ignore', 'ignore_ament_install']
[1.196s] Level 1:colcon.colcon_core.package_identification:_identify(micro_ros_setup) by extension 'ignore'
[1.196s] Level 1:colcon.colcon_core.package_identification:_identify(micro_ros_setup) by extension 'ignore_ament_install'
[1.196s] Level 1:colcon.colcon_core.package_identification:_identify(micro_ros_setup) by extensions ['colcon_pkg']
[1.196s] Level 1:colcon.colcon_core.package_identification:_identify(micro_ros_setup) by extension 'colcon_pkg'
[1.196s] Level 1:colcon.colcon_core.package_identification:_identify(micro_ros_setup) by extensions ['colcon_meta']
[1.196s] Level 1:colcon.colcon_core.package_identification:_identify(micro_ros_setup) by extension 'colcon_meta'
[1.196s] Level 1:colcon.colcon_core.package_identification:_identify(micro_ros_setup) by extensions ['ros']
[1.196s] Level 1:colcon.colcon_core.package_identification:_identify(micro_ros_setup) by extension 'ros'
[1.197s] DEBUG:colcon.colcon_core.package_identification:Package 'micro_ros_setup' with type 'ros.ament_cmake' and name 'micro_ros_setup'
[1.198s] Level 1:colcon.colcon_core.package_identification:_identify(number_detection) by extensions ['ignore', 'ignore_ament_install']
[1.198s] Level 1:colcon.colcon_core.package_identification:_identify(number_detection) by extension 'ignore'
[1.198s] Level 1:colcon.colcon_core.package_identification:_identify(number_detection) by extension 'ignore_ament_install'
[1.198s] Level 1:colcon.colcon_core.package_identification:_identify(number_detection) by extensions ['colcon_pkg']
[1.198s] Level 1:colcon.colcon_core.package_identification:_identify(number_detection) by extension 'colcon_pkg'
[1.198s] Level 1:colcon.colcon_core.package_identification:_identify(number_detection) by extensions ['colcon_meta']
[1.198s] Level 1:colcon.colcon_core.package_identification:_identify(number_detection) by extension 'colcon_meta'
[1.198s] Level 1:colcon.colcon_core.package_identification:_identify(number_detection) by extensions ['ros']
[1.198s] Level 1:colcon.colcon_core.package_identification:_identify(number_detection) by extension 'ros'
[1.200s] DEBUG:colcon.colcon_core.package_identification:Package 'number_detection' with type 'ros.ament_python' and name 'number_detection'
[1.200s] Level 1:colcon.colcon_core.package_identification:_identify(optical_flow_ros) by extensions ['ignore', 'ignore_ament_install']
[1.200s] Level 1:colcon.colcon_core.package_identification:_identify(optical_flow_ros) by extension 'ignore'
[1.200s] Level 1:colcon.colcon_core.package_identification:_identify(optical_flow_ros) by extension 'ignore_ament_install'
[1.200s] Level 1:colcon.colcon_core.package_identification:_identify(optical_flow_ros) by extensions ['colcon_pkg']
[1.200s] Level 1:colcon.colcon_core.package_identification:_identify(optical_flow_ros) by extension 'colcon_pkg'
[1.200s] Level 1:colcon.colcon_core.package_identification:_identify(optical_flow_ros) by extensions ['colcon_meta']
[1.200s] Level 1:colcon.colcon_core.package_identification:_identify(optical_flow_ros) by extension 'colcon_meta'
[1.201s] Level 1:colcon.colcon_core.package_identification:_identify(optical_flow_ros) by extensions ['ros']
[1.201s] Level 1:colcon.colcon_core.package_identification:_identify(optical_flow_ros) by extension 'ros'
[1.202s] DEBUG:colcon.colcon_core.package_identification:Package 'optical_flow_ros' with type 'ros.ament_python' and name 'optical_flow_ros'
[1.202s] Level 1:colcon.colcon_core.package_identification:_identify(oradar_ros) by extensions ['ignore', 'ignore_ament_install']
[1.202s] Level 1:colcon.colcon_core.package_identification:_identify(oradar_ros) by extension 'ignore'
[1.202s] Level 1:colcon.colcon_core.package_identification:_identify(oradar_ros) by extension 'ignore_ament_install'
[1.203s] Level 1:colcon.colcon_core.package_identification:_identify(oradar_ros) by extensions ['colcon_pkg']
[1.203s] Level 1:colcon.colcon_core.package_identification:_identify(oradar_ros) by extension 'colcon_pkg'
[1.203s] Level 1:colcon.colcon_core.package_identification:_identify(oradar_ros) by extensions ['colcon_meta']
[1.203s] Level 1:colcon.colcon_core.package_identification:_identify(oradar_ros) by extension 'colcon_meta'
[1.203s] Level 1:colcon.colcon_core.package_identification:_identify(oradar_ros) by extensions ['ros']
[1.203s] Level 1:colcon.colcon_core.package_identification:_identify(oradar_ros) by extension 'ros'
[1.204s] DEBUG:colcon.colcon_core.package_identification:Package 'oradar_ros' with type 'ros.ament_cmake' and name 'oradar_lidar'
[1.204s] Level 1:colcon.colcon_core.package_identification:_identify(rb21_bot_description) by extensions ['ignore', 'ignore_ament_install']
[1.204s] Level 1:colcon.colcon_core.package_identification:_identify(rb21_bot_description) by extension 'ignore'
[1.204s] Level 1:colcon.colcon_core.package_identification:_identify(rb21_bot_description) by extension 'ignore_ament_install'
[1.204s] Level 1:colcon.colcon_core.package_identification:_identify(rb21_bot_description) by extensions ['colcon_pkg']
[1.204s] Level 1:colcon.colcon_core.package_identification:_identify(rb21_bot_description) by extension 'colcon_pkg'
[1.205s] Level 1:colcon.colcon_core.package_identification:_identify(rb21_bot_description) by extensions ['colcon_meta']
[1.205s] Level 1:colcon.colcon_core.package_identification:_identify(rb21_bot_description) by extension 'colcon_meta'
[1.205s] Level 1:colcon.colcon_core.package_identification:_identify(rb21_bot_description) by extensions ['ros']
[1.205s] Level 1:colcon.colcon_core.package_identification:_identify(rb21_bot_description) by extension 'ros'
[1.206s] DEBUG:colcon.colcon_core.package_identification:Package 'rb21_bot_description' with type 'ros.ament_cmake' and name 'rb21_bot_description'
[1.206s] Level 1:colcon.colcon_core.package_identification:_identify(rb21_localization) by extensions ['ignore', 'ignore_ament_install']
[1.206s] Level 1:colcon.colcon_core.package_identification:_identify(rb21_localization) by extension 'ignore'
[1.206s] Level 1:colcon.colcon_core.package_identification:_identify(rb21_localization) by extension 'ignore_ament_install'
[1.206s] Level 1:colcon.colcon_core.package_identification:_identify(rb21_localization) by extensions ['colcon_pkg']
[1.206s] Level 1:colcon.colcon_core.package_identification:_identify(rb21_localization) by extension 'colcon_pkg'
[1.206s] Level 1:colcon.colcon_core.package_identification:_identify(rb21_localization) by extensions ['colcon_meta']
[1.206s] Level 1:colcon.colcon_core.package_identification:_identify(rb21_localization) by extension 'colcon_meta'
[1.206s] Level 1:colcon.colcon_core.package_identification:_identify(rb21_localization) by extensions ['ros']
[1.207s] Level 1:colcon.colcon_core.package_identification:_identify(rb21_localization) by extension 'ros'
[1.208s] DEBUG:colcon.colcon_core.package_identification:Package 'rb21_localization' with type 'ros.ament_cmake' and name 'rb21_localization'
[1.208s] Level 1:colcon.colcon_core.package_identification:_identify(rb21_navigation_controller_msgs) by extensions ['ignore', 'ignore_ament_install']
[1.208s] Level 1:colcon.colcon_core.package_identification:_identify(rb21_navigation_controller_msgs) by extension 'ignore'
[1.208s] Level 1:colcon.colcon_core.package_identification:_identify(rb21_navigation_controller_msgs) by extension 'ignore_ament_install'
[1.208s] Level 1:colcon.colcon_core.package_identification:_identify(rb21_navigation_controller_msgs) by extensions ['colcon_pkg']
[1.208s] Level 1:colcon.colcon_core.package_identification:_identify(rb21_navigation_controller_msgs) by extension 'colcon_pkg'
[1.208s] Level 1:colcon.colcon_core.package_identification:_identify(rb21_navigation_controller_msgs) by extensions ['colcon_meta']
[1.208s] Level 1:colcon.colcon_core.package_identification:_identify(rb21_navigation_controller_msgs) by extension 'colcon_meta'
[1.208s] Level 1:colcon.colcon_core.package_identification:_identify(rb21_navigation_controller_msgs) by extensions ['ros']
[1.208s] Level 1:colcon.colcon_core.package_identification:_identify(rb21_navigation_controller_msgs) by extension 'ros'
[1.210s] DEBUG:colcon.colcon_core.package_identification:Package 'rb21_navigation_controller_msgs' with type 'ros.ament_cmake' and name 'rb21_navigation_controller_msgs'
[1.210s] Level 1:colcon.colcon_core.package_identification:_identify(ros2_laser_scan_merger) by extensions ['ignore', 'ignore_ament_install']
[1.210s] Level 1:colcon.colcon_core.package_identification:_identify(ros2_laser_scan_merger) by extension 'ignore'
[1.210s] Level 1:colcon.colcon_core.package_identification:_identify(ros2_laser_scan_merger) by extension 'ignore_ament_install'
[1.210s] Level 1:colcon.colcon_core.package_identification:_identify(ros2_laser_scan_merger) by extensions ['colcon_pkg']
[1.210s] Level 1:colcon.colcon_core.package_identification:_identify(ros2_laser_scan_merger) by extension 'colcon_pkg'
[1.210s] Level 1:colcon.colcon_core.package_identification:_identify(ros2_laser_scan_merger) by extensions ['colcon_meta']
[1.210s] Level 1:colcon.colcon_core.package_identification:_identify(ros2_laser_scan_merger) by extension 'colcon_meta'
[1.210s] Level 1:colcon.colcon_core.package_identification:_identify(ros2_laser_scan_merger) by extensions ['ros']
[1.210s] Level 1:colcon.colcon_core.package_identification:_identify(ros2_laser_scan_merger) by extension 'ros'
[1.212s] DEBUG:colcon.colcon_core.package_identification:Package 'ros2_laser_scan_merger' with type 'ros.ament_cmake' and name 'ros2_laser_scan_merger'
[1.212s] Level 1:colcon.colcon_core.package_identification:_identify(serial_ros2) by extensions ['ignore', 'ignore_ament_install']
[1.213s] Level 1:colcon.colcon_core.package_identification:_identify(serial_ros2) by extension 'ignore'
[1.213s] Level 1:colcon.colcon_core.package_identification:_identify(serial_ros2) by extension 'ignore_ament_install'
[1.213s] Level 1:colcon.colcon_core.package_identification:_identify(serial_ros2) by extensions ['colcon_pkg']
[1.213s] Level 1:colcon.colcon_core.package_identification:_identify(serial_ros2) by extension 'colcon_pkg'
[1.213s] Level 1:colcon.colcon_core.package_identification:_identify(serial_ros2) by extensions ['colcon_meta']
[1.213s] Level 1:colcon.colcon_core.package_identification:_identify(serial_ros2) by extension 'colcon_meta'
[1.213s] Level 1:colcon.colcon_core.package_identification:_identify(serial_ros2) by extensions ['ros']
[1.213s] Level 1:colcon.colcon_core.package_identification:_identify(serial_ros2) by extension 'ros'
[1.214s] DEBUG:colcon.colcon_core.package_identification:Package 'serial_ros2' with type 'ros.ament_cmake' and name 'serial'
[1.214s] Level 1:colcon.colcon_core.package_identification:_identify(simple_navigation) by extensions ['ignore', 'ignore_ament_install']
[1.214s] Level 1:colcon.colcon_core.package_identification:_identify(simple_navigation) by extension 'ignore'
[1.214s] Level 1:colcon.colcon_core.package_identification:_identify(simple_navigation) by extension 'ignore_ament_install'
[1.215s] Level 1:colcon.colcon_core.package_identification:_identify(simple_navigation) by extensions ['colcon_pkg']
[1.215s] Level 1:colcon.colcon_core.package_identification:_identify(simple_navigation) by extension 'colcon_pkg'
[1.215s] Level 1:colcon.colcon_core.package_identification:_identify(simple_navigation) by extensions ['colcon_meta']
[1.215s] Level 1:colcon.colcon_core.package_identification:_identify(simple_navigation) by extension 'colcon_meta'
[1.215s] Level 1:colcon.colcon_core.package_identification:_identify(simple_navigation) by extensions ['ros']
[1.215s] Level 1:colcon.colcon_core.package_identification:_identify(simple_navigation) by extension 'ros'
[1.216s] DEBUG:colcon.colcon_core.package_identification:Package 'simple_navigation' with type 'ros.ament_cmake' and name 'simple_navigation'
[1.217s] Level 1:colcon.colcon_core.package_identification:_identify(start_engine) by extensions ['ignore', 'ignore_ament_install']
[1.217s] Level 1:colcon.colcon_core.package_identification:_identify(start_engine) by extension 'ignore'
[1.217s] Level 1:colcon.colcon_core.package_identification:_identify(start_engine) by extension 'ignore_ament_install'
[1.217s] Level 1:colcon.colcon_core.package_identification:_identify(start_engine) by extensions ['colcon_pkg']
[1.217s] Level 1:colcon.colcon_core.package_identification:_identify(start_engine) by extension 'colcon_pkg'
[1.217s] Level 1:colcon.colcon_core.package_identification:_identify(start_engine) by extensions ['colcon_meta']
[1.217s] Level 1:colcon.colcon_core.package_identification:_identify(start_engine) by extension 'colcon_meta'
[1.217s] Level 1:colcon.colcon_core.package_identification:_identify(start_engine) by extensions ['ros']
[1.217s] Level 1:colcon.colcon_core.package_identification:_identify(start_engine) by extension 'ros'
[1.218s] DEBUG:colcon.colcon_core.package_identification:Package 'start_engine' with type 'ros.ament_python' and name 'start_engine'
[1.219s] Level 1:colcon.colcon_core.package_identification:_identify(ti_diffbot_hardware) by extensions ['ignore', 'ignore_ament_install']
[1.219s] Level 1:colcon.colcon_core.package_identification:_identify(ti_diffbot_hardware) by extension 'ignore'
[1.219s] Level 1:colcon.colcon_core.package_identification:_identify(ti_diffbot_hardware) by extension 'ignore_ament_install'
[1.219s] Level 1:colcon.colcon_core.package_identification:_identify(ti_diffbot_hardware) by extensions ['colcon_pkg']
[1.219s] Level 1:colcon.colcon_core.package_identification:_identify(ti_diffbot_hardware) by extension 'colcon_pkg'
[1.219s] Level 1:colcon.colcon_core.package_identification:_identify(ti_diffbot_hardware) by extensions ['colcon_meta']
[1.219s] Level 1:colcon.colcon_core.package_identification:_identify(ti_diffbot_hardware) by extension 'colcon_meta'
[1.219s] Level 1:colcon.colcon_core.package_identification:_identify(ti_diffbot_hardware) by extensions ['ros']
[1.219s] Level 1:colcon.colcon_core.package_identification:_identify(ti_diffbot_hardware) by extension 'ros'
[1.221s] DEBUG:colcon.colcon_core.package_identification:Package 'ti_diffbot_hardware' with type 'ros.ament_cmake' and name 'ti_diffbot_hardware'
[1.221s] Level 1:colcon.colcon_core.package_identification:_identify(uros) by extensions ['ignore', 'ignore_ament_install']
[1.221s] Level 1:colcon.colcon_core.package_identification:_identify(uros) by extension 'ignore'
[1.221s] Level 1:colcon.colcon_core.package_identification:_identify(uros) by extension 'ignore_ament_install'
[1.221s] Level 1:colcon.colcon_core.package_identification:_identify(uros) by extensions ['colcon_pkg']
[1.221s] Level 1:colcon.colcon_core.package_identification:_identify(uros) by extension 'colcon_pkg'
[1.221s] Level 1:colcon.colcon_core.package_identification:_identify(uros) by extensions ['colcon_meta']
[1.221s] Level 1:colcon.colcon_core.package_identification:_identify(uros) by extension 'colcon_meta'
[1.221s] Level 1:colcon.colcon_core.package_identification:_identify(uros) by extensions ['ros']
[1.221s] Level 1:colcon.colcon_core.package_identification:_identify(uros) by extension 'ros'
[1.222s] Level 1:colcon.colcon_core.package_identification:_identify(uros) by extensions ['cmake', 'python']
[1.222s] Level 1:colcon.colcon_core.package_identification:_identify(uros) by extension 'cmake'
[1.222s] Level 1:colcon.colcon_core.package_identification:_identify(uros) by extension 'python'
[1.222s] Level 1:colcon.colcon_core.package_identification:_identify(uros) by extensions ['python_setup_py']
[1.222s] Level 1:colcon.colcon_core.package_identification:_identify(uros) by extension 'python_setup_py'
[1.222s] Level 1:colcon.colcon_core.package_identification:_identify(uros/micro-ROS-Agent) by extensions ['ignore', 'ignore_ament_install']
[1.222s] Level 1:colcon.colcon_core.package_identification:_identify(uros/micro-ROS-Agent) by extension 'ignore'
[1.222s] Level 1:colcon.colcon_core.package_identification:_identify(uros/micro-ROS-Agent) by extension 'ignore_ament_install'
[1.222s] Level 1:colcon.colcon_core.package_identification:_identify(uros/micro-ROS-Agent) by extensions ['colcon_pkg']
[1.222s] Level 1:colcon.colcon_core.package_identification:_identify(uros/micro-ROS-Agent) by extension 'colcon_pkg'
[1.223s] Level 1:colcon.colcon_core.package_identification:_identify(uros/micro-ROS-Agent) by extensions ['colcon_meta']
[1.223s] Level 1:colcon.colcon_core.package_identification:_identify(uros/micro-ROS-Agent) by extension 'colcon_meta'
[1.223s] Level 1:colcon.colcon_core.package_identification:_identify(uros/micro-ROS-Agent) by extensions ['ros']
[1.223s] Level 1:colcon.colcon_core.package_identification:_identify(uros/micro-ROS-Agent) by extension 'ros'
[1.223s] Level 1:colcon.colcon_core.package_identification:_identify(uros/micro-ROS-Agent) by extensions ['cmake', 'python']
[1.223s] Level 1:colcon.colcon_core.package_identification:_identify(uros/micro-ROS-Agent) by extension 'cmake'
[1.223s] Level 1:colcon.colcon_core.package_identification:_identify(uros/micro-ROS-Agent) by extension 'python'
[1.223s] Level 1:colcon.colcon_core.package_identification:_identify(uros/micro-ROS-Agent) by extensions ['python_setup_py']
[1.223s] Level 1:colcon.colcon_core.package_identification:_identify(uros/micro-ROS-Agent) by extension 'python_setup_py'
[1.223s] Level 1:colcon.colcon_core.package_identification:_identify(uros/micro-ROS-Agent/micro_ros_agent) by extensions ['ignore', 'ignore_ament_install']
[1.223s] Level 1:colcon.colcon_core.package_identification:_identify(uros/micro-ROS-Agent/micro_ros_agent) by extension 'ignore'
[1.224s] Level 1:colcon.colcon_core.package_identification:_identify(uros/micro-ROS-Agent/micro_ros_agent) by extension 'ignore_ament_install'
[1.224s] Level 1:colcon.colcon_core.package_identification:_identify(uros/micro-ROS-Agent/micro_ros_agent) by extensions ['colcon_pkg']
[1.224s] Level 1:colcon.colcon_core.package_identification:_identify(uros/micro-ROS-Agent/micro_ros_agent) by extension 'colcon_pkg'
[1.224s] Level 1:colcon.colcon_core.package_identification:_identify(uros/micro-ROS-Agent/micro_ros_agent) by extensions ['colcon_meta']
[1.224s] Level 1:colcon.colcon_core.package_identification:_identify(uros/micro-ROS-Agent/micro_ros_agent) by extension 'colcon_meta'
[1.224s] Level 1:colcon.colcon_core.package_identification:_identify(uros/micro-ROS-Agent/micro_ros_agent) by extensions ['ros']
[1.224s] Level 1:colcon.colcon_core.package_identification:_identify(uros/micro-ROS-Agent/micro_ros_agent) by extension 'ros'
[1.226s] DEBUG:colcon.colcon_core.package_identification:Package 'uros/micro-ROS-Agent/micro_ros_agent' with type 'ros.ament_cmake' and name 'micro_ros_agent'
[1.226s] Level 1:colcon.colcon_core.package_identification:_identify(uros/micro-ROS-Agent/snap) by extensions ['ignore', 'ignore_ament_install']
[1.226s] Level 1:colcon.colcon_core.package_identification:_identify(uros/micro-ROS-Agent/snap) by extension 'ignore'
[1.226s] Level 1:colcon.colcon_core.package_identification:_identify(uros/micro-ROS-Agent/snap) by extension 'ignore_ament_install'
[1.226s] Level 1:colcon.colcon_core.package_identification:_identify(uros/micro-ROS-Agent/snap) by extensions ['colcon_pkg']
[1.226s] Level 1:colcon.colcon_core.package_identification:_identify(uros/micro-ROS-Agent/snap) by extension 'colcon_pkg'
[1.226s] Level 1:colcon.colcon_core.package_identification:_identify(uros/micro-ROS-Agent/snap) by extensions ['colcon_meta']
[1.226s] Level 1:colcon.colcon_core.package_identification:_identify(uros/micro-ROS-Agent/snap) by extension 'colcon_meta'
[1.226s] Level 1:colcon.colcon_core.package_identification:_identify(uros/micro-ROS-Agent/snap) by extensions ['ros']
[1.227s] Level 1:colcon.colcon_core.package_identification:_identify(uros/micro-ROS-Agent/snap) by extension 'ros'
[1.227s] Level 1:colcon.colcon_core.package_identification:_identify(uros/micro-ROS-Agent/snap) by extensions ['cmake', 'python']
[1.227s] Level 1:colcon.colcon_core.package_identification:_identify(uros/micro-ROS-Agent/snap) by extension 'cmake'
[1.227s] Level 1:colcon.colcon_core.package_identification:_identify(uros/micro-ROS-Agent/snap) by extension 'python'
[1.227s] Level 1:colcon.colcon_core.package_identification:_identify(uros/micro-ROS-Agent/snap) by extensions ['python_setup_py']
[1.227s] Level 1:colcon.colcon_core.package_identification:_identify(uros/micro-ROS-Agent/snap) by extension 'python_setup_py'
[1.227s] Level 1:colcon.colcon_core.package_identification:_identify(uros/micro-ROS-Agent/snap/hooks) by extensions ['ignore', 'ignore_ament_install']
[1.227s] Level 1:colcon.colcon_core.package_identification:_identify(uros/micro-ROS-Agent/snap/hooks) by extension 'ignore'
[1.227s] Level 1:colcon.colcon_core.package_identification:_identify(uros/micro-ROS-Agent/snap/hooks) by extension 'ignore_ament_install'
[1.227s] Level 1:colcon.colcon_core.package_identification:_identify(uros/micro-ROS-Agent/snap/hooks) by extensions ['colcon_pkg']
[1.228s] Level 1:colcon.colcon_core.package_identification:_identify(uros/micro-ROS-Agent/snap/hooks) by extension 'colcon_pkg'
[1.228s] Level 1:colcon.colcon_core.package_identification:_identify(uros/micro-ROS-Agent/snap/hooks) by extensions ['colcon_meta']
[1.228s] Level 1:colcon.colcon_core.package_identification:_identify(uros/micro-ROS-Agent/snap/hooks) by extension 'colcon_meta'
[1.228s] Level 1:colcon.colcon_core.package_identification:_identify(uros/micro-ROS-Agent/snap/hooks) by extensions ['ros']
[1.228s] Level 1:colcon.colcon_core.package_identification:_identify(uros/micro-ROS-Agent/snap/hooks) by extension 'ros'
[1.228s] Level 1:colcon.colcon_core.package_identification:_identify(uros/micro-ROS-Agent/snap/hooks) by extensions ['cmake', 'python']
[1.228s] Level 1:colcon.colcon_core.package_identification:_identify(uros/micro-ROS-Agent/snap/hooks) by extension 'cmake'
[1.228s] Level 1:colcon.colcon_core.package_identification:_identify(uros/micro-ROS-Agent/snap/hooks) by extension 'python'
[1.228s] Level 1:colcon.colcon_core.package_identification:_identify(uros/micro-ROS-Agent/snap/hooks) by extensions ['python_setup_py']
[1.228s] Level 1:colcon.colcon_core.package_identification:_identify(uros/micro-ROS-Agent/snap/hooks) by extension 'python_setup_py'
[1.228s] Level 1:colcon.colcon_core.package_identification:_identify(uros/micro-ROS-Agent/snap/local) by extensions ['ignore', 'ignore_ament_install']
[1.229s] Level 1:colcon.colcon_core.package_identification:_identify(uros/micro-ROS-Agent/snap/local) by extension 'ignore'
[1.229s] Level 1:colcon.colcon_core.package_identification:_identify(uros/micro-ROS-Agent/snap/local) by extension 'ignore_ament_install'
[1.229s] Level 1:colcon.colcon_core.package_identification:_identify(uros/micro-ROS-Agent/snap/local) by extensions ['colcon_pkg']
[1.229s] Level 1:colcon.colcon_core.package_identification:_identify(uros/micro-ROS-Agent/snap/local) by extension 'colcon_pkg'
[1.229s] Level 1:colcon.colcon_core.package_identification:_identify(uros/micro-ROS-Agent/snap/local) by extensions ['colcon_meta']
[1.229s] Level 1:colcon.colcon_core.package_identification:_identify(uros/micro-ROS-Agent/snap/local) by extension 'colcon_meta'
[1.229s] Level 1:colcon.colcon_core.package_identification:_identify(uros/micro-ROS-Agent/snap/local) by extensions ['ros']
[1.229s] Level 1:colcon.colcon_core.package_identification:_identify(uros/micro-ROS-Agent/snap/local) by extension 'ros'
[1.229s] Level 1:colcon.colcon_core.package_identification:_identify(uros/micro-ROS-Agent/snap/local) by extensions ['cmake', 'python']
[1.229s] Level 1:colcon.colcon_core.package_identification:_identify(uros/micro-ROS-Agent/snap/local) by extension 'cmake'
[1.229s] Level 1:colcon.colcon_core.package_identification:_identify(uros/micro-ROS-Agent/snap/local) by extension 'python'
[1.229s] Level 1:colcon.colcon_core.package_identification:_identify(uros/micro-ROS-Agent/snap/local) by extensions ['python_setup_py']
[1.229s] Level 1:colcon.colcon_core.package_identification:_identify(uros/micro-ROS-Agent/snap/local) by extension 'python_setup_py'
[1.230s] Level 1:colcon.colcon_core.package_identification:_identify(uros/micro_ros_msgs) by extensions ['ignore', 'ignore_ament_install']
[1.230s] Level 1:colcon.colcon_core.package_identification:_identify(uros/micro_ros_msgs) by extension 'ignore'
[1.230s] Level 1:colcon.colcon_core.package_identification:_identify(uros/micro_ros_msgs) by extension 'ignore_ament_install'
[1.230s] Level 1:colcon.colcon_core.package_identification:_identify(uros/micro_ros_msgs) by extensions ['colcon_pkg']
[1.230s] Level 1:colcon.colcon_core.package_identification:_identify(uros/micro_ros_msgs) by extension 'colcon_pkg'
[1.230s] Level 1:colcon.colcon_core.package_identification:_identify(uros/micro_ros_msgs) by extensions ['colcon_meta']
[1.230s] Level 1:colcon.colcon_core.package_identification:_identify(uros/micro_ros_msgs) by extension 'colcon_meta'
[1.230s] Level 1:colcon.colcon_core.package_identification:_identify(uros/micro_ros_msgs) by extensions ['ros']
[1.230s] Level 1:colcon.colcon_core.package_identification:_identify(uros/micro_ros_msgs) by extension 'ros'
[1.231s] DEBUG:colcon.colcon_core.package_identification:Package 'uros/micro_ros_msgs' with type 'ros.ament_cmake' and name 'micro_ros_msgs'
[1.231s] Level 1:colcon.colcon_core.package_identification:_identify(vision_services) by extensions ['ignore', 'ignore_ament_install']
[1.232s] Level 1:colcon.colcon_core.package_identification:_identify(vision_services) by extension 'ignore'
[1.232s] Level 1:colcon.colcon_core.package_identification:_identify(vision_services) by extension 'ignore_ament_install'
[1.232s] Level 1:colcon.colcon_core.package_identification:_identify(vision_services) by extensions ['colcon_pkg']
[1.232s] Level 1:colcon.colcon_core.package_identification:_identify(vision_services) by extension 'colcon_pkg'
[1.232s] Level 1:colcon.colcon_core.package_identification:_identify(vision_services) by extensions ['colcon_meta']
[1.232s] Level 1:colcon.colcon_core.package_identification:_identify(vision_services) by extension 'colcon_meta'
[1.232s] Level 1:colcon.colcon_core.package_identification:_identify(vision_services) by extensions ['ros']
[1.232s] Level 1:colcon.colcon_core.package_identification:_identify(vision_services) by extension 'ros'
[1.233s] DEBUG:colcon.colcon_core.package_identification:Package 'vision_services' with type 'ros.ament_python' and name 'vision_services'
[1.234s] Level 1:colcon.colcon_core.package_identification:_identify(vision_services_msgs) by extensions ['ignore', 'ignore_ament_install']
[1.234s] Level 1:colcon.colcon_core.package_identification:_identify(vision_services_msgs) by extension 'ignore'
[1.234s] Level 1:colcon.colcon_core.package_identification:_identify(vision_services_msgs) by extension 'ignore_ament_install'
[1.234s] Level 1:colcon.colcon_core.package_identification:_identify(vision_services_msgs) by extensions ['colcon_pkg']
[1.234s] Level 1:colcon.colcon_core.package_identification:_identify(vision_services_msgs) by extension 'colcon_pkg'
[1.234s] Level 1:colcon.colcon_core.package_identification:_identify(vision_services_msgs) by extensions ['colcon_meta']
[1.234s] Level 1:colcon.colcon_core.package_identification:_identify(vision_services_msgs) by extension 'colcon_meta'
[1.234s] Level 1:colcon.colcon_core.package_identification:_identify(vision_services_msgs) by extensions ['ros']
[1.234s] Level 1:colcon.colcon_core.package_identification:_identify(vision_services_msgs) by extension 'ros'
[1.236s] DEBUG:colcon.colcon_core.package_identification:Package 'vision_services_msgs' with type 'ros.ament_cmake' and name 'vision_services_msgs'
[1.236s] Level 1:colcon.colcon_core.package_identification:_identify(wheel_odom_driver) by extensions ['ignore', 'ignore_ament_install']
[1.236s] Level 1:colcon.colcon_core.package_identification:_identify(wheel_odom_driver) by extension 'ignore'
[1.236s] Level 1:colcon.colcon_core.package_identification:_identify(wheel_odom_driver) by extension 'ignore_ament_install'
[1.236s] Level 1:colcon.colcon_core.package_identification:_identify(wheel_odom_driver) by extensions ['colcon_pkg']
[1.236s] Level 1:colcon.colcon_core.package_identification:_identify(wheel_odom_driver) by extension 'colcon_pkg'
[1.236s] Level 1:colcon.colcon_core.package_identification:_identify(wheel_odom_driver) by extensions ['colcon_meta']
[1.236s] Level 1:colcon.colcon_core.package_identification:_identify(wheel_odom_driver) by extension 'colcon_meta'
[1.236s] Level 1:colcon.colcon_core.package_identification:_identify(wheel_odom_driver) by extensions ['ros']
[1.236s] Level 1:colcon.colcon_core.package_identification:_identify(wheel_odom_driver) by extension 'ros'
[1.238s] DEBUG:colcon.colcon_core.package_identification:Package 'wheel_odom_driver' with type 'ros.ament_python' and name 'wheel_odom_driver'
[1.238s] Level 1:colcon.colcon_core.package_identification:_identify(yesense_interface) by extensions ['ignore', 'ignore_ament_install']
[1.238s] Level 1:colcon.colcon_core.package_identification:_identify(yesense_interface) by extension 'ignore'
[1.238s] Level 1:colcon.colcon_core.package_identification:_identify(yesense_interface) by extension 'ignore_ament_install'
[1.238s] Level 1:colcon.colcon_core.package_identification:_identify(yesense_interface) by extensions ['colcon_pkg']
[1.238s] Level 1:colcon.colcon_core.package_identification:_identify(yesense_interface) by extension 'colcon_pkg'
[1.239s] Level 1:colcon.colcon_core.package_identification:_identify(yesense_interface) by extensions ['colcon_meta']
[1.239s] Level 1:colcon.colcon_core.package_identification:_identify(yesense_interface) by extension 'colcon_meta'
[1.239s] Level 1:colcon.colcon_core.package_identification:_identify(yesense_interface) by extensions ['ros']
[1.239s] Level 1:colcon.colcon_core.package_identification:_identify(yesense_interface) by extension 'ros'
[1.240s] DEBUG:colcon.colcon_core.package_identification:Package 'yesense_interface' with type 'ros.ament_cmake' and name 'yesense_interface'
[1.240s] Level 1:colcon.colcon_core.package_identification:_identify(yesense_std_ros2) by extensions ['ignore', 'ignore_ament_install']
[1.240s] Level 1:colcon.colcon_core.package_identification:_identify(yesense_std_ros2) by extension 'ignore'
[1.240s] Level 1:colcon.colcon_core.package_identification:_identify(yesense_std_ros2) by extension 'ignore_ament_install'
[1.240s] Level 1:colcon.colcon_core.package_identification:_identify(yesense_std_ros2) by extensions ['colcon_pkg']
[1.240s] Level 1:colcon.colcon_core.package_identification:_identify(yesense_std_ros2) by extension 'colcon_pkg'
[1.240s] Level 1:colcon.colcon_core.package_identification:_identify(yesense_std_ros2) by extensions ['colcon_meta']
[1.241s] Level 1:colcon.colcon_core.package_identification:_identify(yesense_std_ros2) by extension 'colcon_meta'
[1.241s] Level 1:colcon.colcon_core.package_identification:_identify(yesense_std_ros2) by extensions ['ros']
[1.241s] Level 1:colcon.colcon_core.package_identification:_identify(yesense_std_ros2) by extension 'ros'
[1.242s] DEBUG:colcon.colcon_core.package_identification:Package 'yesense_std_ros2' with type 'ros.ament_cmake' and name 'yesense_std_ros2'
[1.242s] Level 1:colcon.colcon_core.package_identification:_identify(yolo_detector) by extensions ['ignore', 'ignore_ament_install']
[1.243s] Level 1:colcon.colcon_core.package_identification:_identify(yolo_detector) by extension 'ignore'
[1.243s] Level 1:colcon.colcon_core.package_identification:_identify(yolo_detector) by extension 'ignore_ament_install'
[1.243s] Level 1:colcon.colcon_core.package_identification:_identify(yolo_detector) by extensions ['colcon_pkg']
[1.243s] Level 1:colcon.colcon_core.package_identification:_identify(yolo_detector) by extension 'colcon_pkg'
[1.243s] Level 1:colcon.colcon_core.package_identification:_identify(yolo_detector) by extensions ['colcon_meta']
[1.243s] Level 1:colcon.colcon_core.package_identification:_identify(yolo_detector) by extension 'colcon_meta'
[1.243s] Level 1:colcon.colcon_core.package_identification:_identify(yolo_detector) by extensions ['ros']
[1.243s] Level 1:colcon.colcon_core.package_identification:_identify(yolo_detector) by extension 'ros'
[1.245s] DEBUG:colcon.colcon_core.package_identification:Package 'yolo_detector' with type 'ros.ament_python' and name 'yolo_detector'
[1.245s] Level 1:colcon.colcon_core.package_discovery:discover_packages(recursive) using defaults
[1.245s] Level 1:colcon.colcon_core.package_discovery:discover_packages(ignore) discover
[1.245s] Level 1:colcon.colcon_core.package_discovery:discover_packages(ignore) using defaults
[1.245s] Level 1:colcon.colcon_core.package_discovery:discover_packages(path) discover
[1.245s] Level 1:colcon.colcon_core.package_discovery:discover_packages(path) using defaults
[1.297s] INFO:colcon.colcon_core.package_selection:Skipping not selected package 'camera_driver' in 'camera_driver'
[1.297s] INFO:colcon.colcon_core.package_selection:Skipping not selected package 'camera_pub' in 'camera_pub'
[1.297s] INFO:colcon.colcon_core.package_selection:Skipping not selected package 'chassis_description' in 'chassis_description'
[1.297s] INFO:colcon.colcon_core.package_selection:Skipping not selected package 'chassis_visualization' in 'chassis_visualization'
[1.297s] INFO:colcon.colcon_core.package_selection:Skipping not selected package 'diffbot_service' in 'diffbot_service'
[1.297s] INFO:colcon.colcon_core.package_selection:Skipping not selected package 'gimbal_description' in 'gimbal_description'
[1.297s] INFO:colcon.colcon_core.package_selection:Skipping not selected package 'gimbal_pixel_controller' in 'gimbal_pixel_controller'
[1.297s] INFO:colcon.colcon_core.package_selection:Skipping not selected package 'gimbal_pixel_mapper' in 'gimbal_pixel_mapper'
[1.298s] INFO:colcon.colcon_core.package_selection:Skipping not selected package 'gimbal_serial_comm' in 'gimbal_serial_comm'
[1.298s] INFO:colcon.colcon_core.package_selection:Skipping not selected package 'gimbal_trajectory_planner' in 'gimbal_trajectory_planner'
[1.298s] INFO:colcon.colcon_core.package_selection:Skipping not selected package 'keyboard_teleop' in 'keyboard_teleop'
[1.298s] INFO:colcon.colcon_core.package_selection:Skipping not selected package 'micro_ros_msgs' in 'uros/micro_ros_msgs'
[1.298s] INFO:colcon.colcon_core.package_selection:Skipping not selected package 'micro_ros_setup' in 'micro_ros_setup'
[1.298s] INFO:colcon.colcon_core.package_selection:Skipping not selected package 'number_detection' in 'number_detection'
[1.298s] INFO:colcon.colcon_core.package_selection:Skipping not selected package 'optical_flow_ros' in 'optical_flow_ros'
[1.298s] INFO:colcon.colcon_core.package_selection:Skipping not selected package 'oradar_lidar' in 'oradar_ros'
[1.298s] INFO:colcon.colcon_core.package_selection:Skipping not selected package 'orbbec_camera_msgs' in 'OrbbecSDK_ROS2/orbbec_camera_msgs'
[1.298s] INFO:colcon.colcon_core.package_selection:Skipping not selected package 'orbbec_description' in 'OrbbecSDK_ROS2/orbbec_description'
[1.298s] INFO:colcon.colcon_core.package_selection:Skipping not selected package 'rb21_bot_description' in 'rb21_bot_description'
[1.298s] INFO:colcon.colcon_core.package_selection:Skipping not selected package 'rb21_navigation_controller_msgs' in 'rb21_navigation_controller_msgs'
[1.298s] INFO:colcon.colcon_core.package_selection:Skipping not selected package 'ros2_laser_scan_merger' in 'ros2_laser_scan_merger'
[1.298s] INFO:colcon.colcon_core.package_selection:Skipping not selected package 'serial' in 'serial_ros2'
[1.298s] INFO:colcon.colcon_core.package_selection:Skipping not selected package 'simple_navigation' in 'simple_navigation'
[1.298s] INFO:colcon.colcon_core.package_selection:Skipping not selected package 'start_engine' in 'start_engine'
[1.298s] INFO:colcon.colcon_core.package_selection:Skipping not selected package 'ti_diffbot_hardware' in 'ti_diffbot_hardware'
[1.298s] INFO:colcon.colcon_core.package_selection:Skipping not selected package 'vision_services_msgs' in 'vision_services_msgs'
[1.298s] INFO:colcon.colcon_core.package_selection:Skipping not selected package 'wheel_odom_driver' in 'wheel_odom_driver'
[1.298s] INFO:colcon.colcon_core.package_selection:Skipping not selected package 'yesense_interface' in 'yesense_interface'
[1.298s] INFO:colcon.colcon_core.package_selection:Skipping not selected package 'yolo_detector' in 'yolo_detector'
[1.298s] INFO:colcon.colcon_core.package_selection:Skipping not selected package 'chassis_hardware' in 'chassis_hardware'
[1.298s] INFO:colcon.colcon_core.package_selection:Skipping not selected package 'micro_ros_agent' in 'uros/micro-ROS-Agent/micro_ros_agent'
[1.298s] INFO:colcon.colcon_core.package_selection:Skipping not selected package 'orbbec_camera' in 'OrbbecSDK_ROS2/orbbec_camera'
[1.299s] INFO:colcon.colcon_core.package_selection:Skipping not selected package 'rb21_localization' in 'rb21_localization'
[1.299s] INFO:colcon.colcon_core.package_selection:Skipping not selected package 'vision_services' in 'vision_services'
[1.299s] INFO:colcon.colcon_core.package_selection:Skipping not selected package 'yesense_std_ros2' in 'yesense_std_ros2'
[1.299s] Level 1:colcon.colcon_core.package_discovery:discover_packages(prefix_path) check parameters
[1.300s] Level 1:colcon.colcon_core.package_discovery:discover_packages(prefix_path) discover
[1.304s] WARNING:colcon.colcon_ros.prefix_path.ament:The path '/home/sirius/ssd/ros2workspace/install/chassis_visualization' in the environment variable AMENT_PREFIX_PATH doesn't exist
[1.304s] WARNING:colcon.colcon_ros.prefix_path.ament:The path '/home/sirius/ssd/ros2workspace/install/chassis_description' in the environment variable AMENT_PREFIX_PATH doesn't exist
[1.304s] WARNING:colcon.colcon_ros.prefix_path.catkin:The path '/home/sirius/ssd/ros2workspace/install/chassis_description' in the environment variable CMAKE_PREFIX_PATH doesn't exist
[1.307s] DEBUG:colcon.colcon_installed_package_information.package_discovery:Found 34 installed packages in /home/sirius/ssd/ros2workspace/install
[1.310s] DEBUG:colcon.colcon_installed_package_information.package_discovery:Found 392 installed packages in /opt/ros/humble
[1.313s] Level 1:colcon.colcon_core.package_discovery:discover_packages(prefix_path) using defaults
[1.406s] Level 5:colcon.colcon_core.verb:set package 'chassis_display' build argument 'cmake_args' from command line to 'None'
[1.406s] Level 5:colcon.colcon_core.verb:set package 'chassis_display' build argument 'cmake_target' from command line to 'None'
[1.407s] Level 5:colcon.colcon_core.verb:set package 'chassis_display' build argument 'cmake_target_skip_unavailable' from command line to 'False'
[1.407s] Level 5:colcon.colcon_core.verb:set package 'chassis_display' build argument 'cmake_clean_cache' from command line to 'False'
[1.407s] Level 5:colcon.colcon_core.verb:set package 'chassis_display' build argument 'cmake_clean_first' from command line to 'False'
[1.407s] Level 5:colcon.colcon_core.verb:set package 'chassis_display' build argument 'cmake_force_configure' from command line to 'False'
[1.407s] Level 5:colcon.colcon_core.verb:set package 'chassis_display' build argument 'ament_cmake_args' from command line to 'None'
[1.407s] Level 5:colcon.colcon_core.verb:set package 'chassis_display' build argument 'catkin_cmake_args' from command line to 'None'
[1.407s] Level 5:colcon.colcon_core.verb:set package 'chassis_display' build argument 'catkin_skip_building_tests' from command line to 'False'
[1.407s] DEBUG:colcon.colcon_core.verb:Building package 'chassis_display' with the following arguments: {'ament_cmake_args': None, 'build_base': '/home/sirius/ssd/ros2workspace/src/build/chassis_display', 'catkin_cmake_args': None, 'catkin_skip_building_tests': False, 'cmake_args': None, 'cmake_clean_cache': False, 'cmake_clean_first': False, 'cmake_force_configure': False, 'cmake_target': None, 'cmake_target_skip_unavailable': False, 'install_base': '/home/sirius/ssd/ros2workspace/src/install/chassis_display', 'merge_install': False, 'path': '/home/sirius/ssd/ros2workspace/src/chassis_display', 'symlink_install': False, 'test_result_base': None}
[1.407s] INFO:colcon.colcon_core.executor:Executing jobs using 'parallel' executor
[1.409s] DEBUG:colcon.colcon_parallel_executor.executor.parallel:run_until_complete
[1.410s] INFO:colcon.colcon_ros.task.ament_cmake.build:Building ROS package in '/home/sirius/ssd/ros2workspace/src/chassis_display' with build type 'ament_cmake'
[1.410s] INFO:colcon.colcon_cmake.task.cmake.build:Building CMake package in '/home/sirius/ssd/ros2workspace/src/chassis_display'
[1.416s] INFO:colcon.colcon_core.plugin_system:Skipping extension 'colcon_core.shell.bat': Not used on non-Windows systems
[1.416s] INFO:colcon.colcon_core.shell:Skip shell extension 'powershell' for command environment: Not usable outside of PowerShell
[1.416s] DEBUG:colcon.colcon_core.shell:Skip shell extension 'dsv' for command environment
[1.433s] DEBUG:colcon.colcon_core.event_handler.log_command:Invoking command in '/home/sirius/ssd/ros2workspace/src/build/chassis_display': CMAKE_PREFIX_PATH=${CMAKE_PREFIX_PATH}:/home/sirius/ssd/ros2workspace/install/yolo_detector:/home/sirius/ssd/ros2workspace/install/wheel_odom_driver:/home/sirius/ssd/ros2workspace/install/vision_services:/home/sirius/ssd/ros2workspace/install/start_engine:/home/sirius/ssd/ros2workspace/install/optical_flow_ros:/home/sirius/ssd/ros2workspace/install/number_detection:/home/sirius/ssd/ros2workspace/install/keyboard_teleop:/home/sirius/ssd/ros2workspace/install/gimbal_trajectory_planner:/home/sirius/ssd/ros2workspace/install/gimbal_serial_comm:/home/sirius/ssd/ros2workspace/install/gimbal_pixel_mapper:/home/sirius/ssd/ros2workspace/install/gimbal_pixel_controller:/home/sirius/ssd/ros2workspace/install/gimbal_controller:/home/sirius/ssd/ros2workspace/install/chassis_visualization:/home/sirius/ssd/ros2workspace/install/camera_pub:/home/sirius/ssd/ros2workspace/install/camera_driver:/opt/ros/humble /usr/bin/cmake /home/sirius/ssd/ros2workspace/src/chassis_display -DCMAKE_INSTALL_PREFIX=/home/sirius/ssd/ros2workspace/src/install/chassis_display
[3.488s] DEBUG:colcon.colcon_core.event_handler.log_command:Invoked command in '/home/sirius/ssd/ros2workspace/src/build/chassis_display' returned '0': CMAKE_PREFIX_PATH=${CMAKE_PREFIX_PATH}:/home/sirius/ssd/ros2workspace/install/yolo_detector:/home/sirius/ssd/ros2workspace/install/wheel_odom_driver:/home/sirius/ssd/ros2workspace/install/vision_services:/home/sirius/ssd/ros2workspace/install/start_engine:/home/sirius/ssd/ros2workspace/install/optical_flow_ros:/home/sirius/ssd/ros2workspace/install/number_detection:/home/sirius/ssd/ros2workspace/install/keyboard_teleop:/home/sirius/ssd/ros2workspace/install/gimbal_trajectory_planner:/home/sirius/ssd/ros2workspace/install/gimbal_serial_comm:/home/sirius/ssd/ros2workspace/install/gimbal_pixel_mapper:/home/sirius/ssd/ros2workspace/install/gimbal_pixel_controller:/home/sirius/ssd/ros2workspace/install/gimbal_controller:/home/sirius/ssd/ros2workspace/install/chassis_visualization:/home/sirius/ssd/ros2workspace/install/camera_pub:/home/sirius/ssd/ros2workspace/install/camera_driver:/opt/ros/humble /usr/bin/cmake /home/sirius/ssd/ros2workspace/src/chassis_display -DCMAKE_INSTALL_PREFIX=/home/sirius/ssd/ros2workspace/src/install/chassis_display
[3.493s] DEBUG:colcon.colcon_core.event_handler.log_command:Invoking command in '/home/sirius/ssd/ros2workspace/src/build/chassis_display': CMAKE_PREFIX_PATH=${CMAKE_PREFIX_PATH}:/home/sirius/ssd/ros2workspace/install/yolo_detector:/home/sirius/ssd/ros2workspace/install/wheel_odom_driver:/home/sirius/ssd/ros2workspace/install/vision_services:/home/sirius/ssd/ros2workspace/install/start_engine:/home/sirius/ssd/ros2workspace/install/optical_flow_ros:/home/sirius/ssd/ros2workspace/install/number_detection:/home/sirius/ssd/ros2workspace/install/keyboard_teleop:/home/sirius/ssd/ros2workspace/install/gimbal_trajectory_planner:/home/sirius/ssd/ros2workspace/install/gimbal_serial_comm:/home/sirius/ssd/ros2workspace/install/gimbal_pixel_mapper:/home/sirius/ssd/ros2workspace/install/gimbal_pixel_controller:/home/sirius/ssd/ros2workspace/install/gimbal_controller:/home/sirius/ssd/ros2workspace/install/chassis_visualization:/home/sirius/ssd/ros2workspace/install/camera_pub:/home/sirius/ssd/ros2workspace/install/camera_driver:/opt/ros/humble /usr/bin/cmake --build /home/sirius/ssd/ros2workspace/src/build/chassis_display -- -j6 -l6
[3.582s] DEBUG:colcon.colcon_core.event_handler.log_command:Invoked command in '/home/sirius/ssd/ros2workspace/src/build/chassis_display' returned '0': CMAKE_PREFIX_PATH=${CMAKE_PREFIX_PATH}:/home/sirius/ssd/ros2workspace/install/yolo_detector:/home/sirius/ssd/ros2workspace/install/wheel_odom_driver:/home/sirius/ssd/ros2workspace/install/vision_services:/home/sirius/ssd/ros2workspace/install/start_engine:/home/sirius/ssd/ros2workspace/install/optical_flow_ros:/home/sirius/ssd/ros2workspace/install/number_detection:/home/sirius/ssd/ros2workspace/install/keyboard_teleop:/home/sirius/ssd/ros2workspace/install/gimbal_trajectory_planner:/home/sirius/ssd/ros2workspace/install/gimbal_serial_comm:/home/sirius/ssd/ros2workspace/install/gimbal_pixel_mapper:/home/sirius/ssd/ros2workspace/install/gimbal_pixel_controller:/home/sirius/ssd/ros2workspace/install/gimbal_controller:/home/sirius/ssd/ros2workspace/install/chassis_visualization:/home/sirius/ssd/ros2workspace/install/camera_pub:/home/sirius/ssd/ros2workspace/install/camera_driver:/opt/ros/humble /usr/bin/cmake --build /home/sirius/ssd/ros2workspace/src/build/chassis_display -- -j6 -l6
[3.605s] DEBUG:colcon.colcon_core.event_handler.log_command:Invoking command in '/home/sirius/ssd/ros2workspace/src/build/chassis_display': CMAKE_PREFIX_PATH=${CMAKE_PREFIX_PATH}:/home/sirius/ssd/ros2workspace/install/yolo_detector:/home/sirius/ssd/ros2workspace/install/wheel_odom_driver:/home/sirius/ssd/ros2workspace/install/vision_services:/home/sirius/ssd/ros2workspace/install/start_engine:/home/sirius/ssd/ros2workspace/install/optical_flow_ros:/home/sirius/ssd/ros2workspace/install/number_detection:/home/sirius/ssd/ros2workspace/install/keyboard_teleop:/home/sirius/ssd/ros2workspace/install/gimbal_trajectory_planner:/home/sirius/ssd/ros2workspace/install/gimbal_serial_comm:/home/sirius/ssd/ros2workspace/install/gimbal_pixel_mapper:/home/sirius/ssd/ros2workspace/install/gimbal_pixel_controller:/home/sirius/ssd/ros2workspace/install/gimbal_controller:/home/sirius/ssd/ros2workspace/install/chassis_visualization:/home/sirius/ssd/ros2workspace/install/camera_pub:/home/sirius/ssd/ros2workspace/install/camera_driver:/opt/ros/humble /usr/bin/cmake --install /home/sirius/ssd/ros2workspace/src/build/chassis_display
[3.632s] Level 1:colcon.colcon_core.environment:create_environment_scripts_only(chassis_display)
[3.634s] DEBUG:colcon.colcon_core.event_handler.log_command:Invoked command in '/home/sirius/ssd/ros2workspace/src/build/chassis_display' returned '0': CMAKE_PREFIX_PATH=${CMAKE_PREFIX_PATH}:/home/sirius/ssd/ros2workspace/install/yolo_detector:/home/sirius/ssd/ros2workspace/install/wheel_odom_driver:/home/sirius/ssd/ros2workspace/install/vision_services:/home/sirius/ssd/ros2workspace/install/start_engine:/home/sirius/ssd/ros2workspace/install/optical_flow_ros:/home/sirius/ssd/ros2workspace/install/number_detection:/home/sirius/ssd/ros2workspace/install/keyboard_teleop:/home/sirius/ssd/ros2workspace/install/gimbal_trajectory_planner:/home/sirius/ssd/ros2workspace/install/gimbal_serial_comm:/home/sirius/ssd/ros2workspace/install/gimbal_pixel_mapper:/home/sirius/ssd/ros2workspace/install/gimbal_pixel_controller:/home/sirius/ssd/ros2workspace/install/gimbal_controller:/home/sirius/ssd/ros2workspace/install/chassis_visualization:/home/sirius/ssd/ros2workspace/install/camera_pub:/home/sirius/ssd/ros2workspace/install/camera_driver:/opt/ros/humble /usr/bin/cmake --install /home/sirius/ssd/ros2workspace/src/build/chassis_display
[3.643s] Level 1:colcon.colcon_core.environment:checking '/home/sirius/ssd/ros2workspace/src/install/chassis_display' for CMake module files
[3.645s] Level 1:colcon.colcon_core.environment:checking '/home/sirius/ssd/ros2workspace/src/install/chassis_display' for CMake config files
[3.646s] Level 1:colcon.colcon_core.shell:create_environment_hook('chassis_display', 'cmake_prefix_path')
[3.646s] INFO:colcon.colcon_core.shell:Creating environment hook '/home/sirius/ssd/ros2workspace/src/install/chassis_display/share/chassis_display/hook/cmake_prefix_path.ps1'
[3.649s] INFO:colcon.colcon_core.shell:Creating environment descriptor '/home/sirius/ssd/ros2workspace/src/install/chassis_display/share/chassis_display/hook/cmake_prefix_path.dsv'
[3.651s] INFO:colcon.colcon_core.shell:Creating environment hook '/home/sirius/ssd/ros2workspace/src/install/chassis_display/share/chassis_display/hook/cmake_prefix_path.sh'
[3.654s] Level 1:colcon.colcon_core.environment:checking '/home/sirius/ssd/ros2workspace/src/install/chassis_display/bin'
[3.654s] Level 1:colcon.colcon_core.environment:checking '/home/sirius/ssd/ros2workspace/src/install/chassis_display/lib/pkgconfig/chassis_display.pc'
[3.655s] Level 1:colcon.colcon_core.environment:checking '/home/sirius/ssd/ros2workspace/src/install/chassis_display/lib/python3.10/site-packages'
[3.656s] Level 1:colcon.colcon_core.environment:checking '/home/sirius/ssd/ros2workspace/src/install/chassis_display/bin'
[3.657s] INFO:colcon.colcon_core.shell:Creating package script '/home/sirius/ssd/ros2workspace/src/install/chassis_display/share/chassis_display/package.ps1'
[3.660s] INFO:colcon.colcon_core.shell:Creating package descriptor '/home/sirius/ssd/ros2workspace/src/install/chassis_display/share/chassis_display/package.dsv'
[3.662s] INFO:colcon.colcon_core.shell:Creating package script '/home/sirius/ssd/ros2workspace/src/install/chassis_display/share/chassis_display/package.sh'
[3.665s] INFO:colcon.colcon_core.shell:Creating package script '/home/sirius/ssd/ros2workspace/src/install/chassis_display/share/chassis_display/package.bash'
[3.668s] INFO:colcon.colcon_core.shell:Creating package script '/home/sirius/ssd/ros2workspace/src/install/chassis_display/share/chassis_display/package.zsh'
[3.670s] Level 1:colcon.colcon_core.environment:create_file_with_runtime_dependencies(/home/sirius/ssd/ros2workspace/src/install/chassis_display/share/colcon-core/packages/chassis_display)
[3.673s] Level 1:colcon.colcon_core.environment:create_environment_scripts_only(chassis_display)
[3.673s] Level 1:colcon.colcon_core.environment:checking '/home/sirius/ssd/ros2workspace/src/install/chassis_display' for CMake module files
[3.675s] Level 1:colcon.colcon_core.environment:checking '/home/sirius/ssd/ros2workspace/src/install/chassis_display' for CMake config files
[3.676s] Level 1:colcon.colcon_core.shell:create_environment_hook('chassis_display', 'cmake_prefix_path')
[3.677s] INFO:colcon.colcon_core.shell:Creating environment hook '/home/sirius/ssd/ros2workspace/src/install/chassis_display/share/chassis_display/hook/cmake_prefix_path.ps1'
[3.678s] INFO:colcon.colcon_core.shell:Creating environment descriptor '/home/sirius/ssd/ros2workspace/src/install/chassis_display/share/chassis_display/hook/cmake_prefix_path.dsv'
[3.679s] INFO:colcon.colcon_core.shell:Creating environment hook '/home/sirius/ssd/ros2workspace/src/install/chassis_display/share/chassis_display/hook/cmake_prefix_path.sh'
[3.681s] Level 1:colcon.colcon_core.environment:checking '/home/sirius/ssd/ros2workspace/src/install/chassis_display/bin'
[3.682s] Level 1:colcon.colcon_core.environment:checking '/home/sirius/ssd/ros2workspace/src/install/chassis_display/lib/pkgconfig/chassis_display.pc'
[3.682s] Level 1:colcon.colcon_core.environment:checking '/home/sirius/ssd/ros2workspace/src/install/chassis_display/lib/python3.10/site-packages'
[3.683s] Level 1:colcon.colcon_core.environment:checking '/home/sirius/ssd/ros2workspace/src/install/chassis_display/bin'
[3.684s] INFO:colcon.colcon_core.shell:Creating package script '/home/sirius/ssd/ros2workspace/src/install/chassis_display/share/chassis_display/package.ps1'
[3.685s] INFO:colcon.colcon_core.shell:Creating package descriptor '/home/sirius/ssd/ros2workspace/src/install/chassis_display/share/chassis_display/package.dsv'
[3.686s] INFO:colcon.colcon_core.shell:Creating package script '/home/sirius/ssd/ros2workspace/src/install/chassis_display/share/chassis_display/package.sh'
[3.687s] INFO:colcon.colcon_core.shell:Creating package script '/home/sirius/ssd/ros2workspace/src/install/chassis_display/share/chassis_display/package.bash'
[3.689s] INFO:colcon.colcon_core.shell:Creating package script '/home/sirius/ssd/ros2workspace/src/install/chassis_display/share/chassis_display/package.zsh'
[3.690s] Level 1:colcon.colcon_core.environment:create_file_with_runtime_dependencies(/home/sirius/ssd/ros2workspace/src/install/chassis_display/share/colcon-core/packages/chassis_display)
[3.691s] DEBUG:colcon.colcon_parallel_executor.executor.parallel:closing loop
[3.692s] DEBUG:colcon.colcon_parallel_executor.executor.parallel:loop closed
[3.692s] DEBUG:colcon.colcon_parallel_executor.executor.parallel:run_until_complete finished with '0'
[3.692s] DEBUG:colcon.colcon_core.event_reactor:joining thread
[3.714s] INFO:colcon.colcon_core.plugin_system:Skipping extension 'colcon_notification.desktop_notification.terminal_notifier': Not used on non-Darwin systems
[3.715s] INFO:colcon.colcon_core.plugin_system:Skipping extension 'colcon_notification.desktop_notification.win32': Not used on non-Windows systems
[3.715s] INFO:colcon.colcon_notification.desktop_notification:Sending desktop notification using 'notify2'
[3.747s] DEBUG:colcon.colcon_core.event_reactor:joined thread
[3.748s] INFO:colcon.colcon_core.shell:Creating prefix script '/home/sirius/ssd/ros2workspace/src/install/local_setup.ps1'
[3.752s] INFO:colcon.colcon_core.shell:Creating prefix util module '/home/sirius/ssd/ros2workspace/src/install/_local_setup_util_ps1.py'
[3.756s] INFO:colcon.colcon_core.shell:Creating prefix chain script '/home/sirius/ssd/ros2workspace/src/install/setup.ps1'
[3.764s] INFO:colcon.colcon_core.shell:Creating prefix script '/home/sirius/ssd/ros2workspace/src/install/local_setup.sh'
[3.766s] INFO:colcon.colcon_core.shell:Creating prefix util module '/home/sirius/ssd/ros2workspace/src/install/_local_setup_util_sh.py'
[3.768s] INFO:colcon.colcon_core.shell:Creating prefix chain script '/home/sirius/ssd/ros2workspace/src/install/setup.sh'
[3.776s] INFO:colcon.colcon_core.shell:Creating prefix script '/home/sirius/ssd/ros2workspace/src/install/local_setup.bash'
[3.777s] INFO:colcon.colcon_core.shell:Creating prefix chain script '/home/sirius/ssd/ros2workspace/src/install/setup.bash'
[3.785s] INFO:colcon.colcon_core.shell:Creating prefix script '/home/sirius/ssd/ros2workspace/src/install/local_setup.zsh'
[3.786s] INFO:colcon.colcon_core.shell:Creating prefix chain script '/home/sirius/ssd/ros2workspace/src/install/setup.zsh'
