running egg_info
creating ../build/chassis_simulation/chassis_simulation.egg-info
writing ../build/chassis_simulation/chassis_simulation.egg-info/PKG-INFO
writing dependency_links to ../build/chassis_simulation/chassis_simulation.egg-info/dependency_links.txt
writing entry points to ../build/chassis_simulation/chassis_simulation.egg-info/entry_points.txt
writing requirements to ../build/chassis_simulation/chassis_simulation.egg-info/requires.txt
writing top-level names to ../build/chassis_simulation/chassis_simulation.egg-info/top_level.txt
writing manifest file '../build/chassis_simulation/chassis_simulation.egg-info/SOURCES.txt'
reading manifest file '../build/chassis_simulation/chassis_simulation.egg-info/SOURCES.txt'
writing manifest file '../build/chassis_simulation/chassis_simulation.egg-info/SOURCES.txt'
running build
running build_py
creating /home/sirius/ssd/ros2workspace/src/build/chassis_simulation/build
creating /home/sirius/ssd/ros2workspace/src/build/chassis_simulation/build/lib
creating /home/sirius/ssd/ros2workspace/src/build/chassis_simulation/build/lib/chassis_simulation
copying chassis_simulation/chassis_sim_node.py -> /home/sirius/ssd/ros2workspace/src/build/chassis_simulation/build/lib/chassis_simulation
copying chassis_simulation/__init__.py -> /home/sirius/ssd/ros2workspace/src/build/chassis_simulation/build/lib/chassis_simulation
running install
running install_lib
creating /home/sirius/ssd/ros2workspace/src/install/chassis_simulation/lib/python3.10/site-packages/chassis_simulation
copying /home/sirius/ssd/ros2workspace/src/build/chassis_simulation/build/lib/chassis_simulation/chassis_sim_node.py -> /home/sirius/ssd/ros2workspace/src/install/chassis_simulation/lib/python3.10/site-packages/chassis_simulation
copying /home/sirius/ssd/ros2workspace/src/build/chassis_simulation/build/lib/chassis_simulation/__init__.py -> /home/sirius/ssd/ros2workspace/src/install/chassis_simulation/lib/python3.10/site-packages/chassis_simulation
byte-compiling /home/sirius/ssd/ros2workspace/src/install/chassis_simulation/lib/python3.10/site-packages/chassis_simulation/chassis_sim_node.py to chassis_sim_node.cpython-310.pyc
byte-compiling /home/sirius/ssd/ros2workspace/src/install/chassis_simulation/lib/python3.10/site-packages/chassis_simulation/__init__.py to __init__.cpython-310.pyc
running install_data
creating /home/sirius/ssd/ros2workspace/src/install/chassis_simulation/share/ament_index
creating /home/sirius/ssd/ros2workspace/src/install/chassis_simulation/share/ament_index/resource_index
creating /home/sirius/ssd/ros2workspace/src/install/chassis_simulation/share/ament_index/resource_index/packages
copying resource/chassis_simulation -> /home/sirius/ssd/ros2workspace/src/install/chassis_simulation/share/ament_index/resource_index/packages
copying package.xml -> /home/sirius/ssd/ros2workspace/src/install/chassis_simulation/share/chassis_simulation
creating /home/sirius/ssd/ros2workspace/src/install/chassis_simulation/share/chassis_simulation/launch
copying launch/simulation.launch.py -> /home/sirius/ssd/ros2workspace/src/install/chassis_simulation/share/chassis_simulation/launch
running install_egg_info
Copying ../build/chassis_simulation/chassis_simulation.egg-info to /home/sirius/ssd/ros2workspace/src/install/chassis_simulation/lib/python3.10/site-packages/chassis_simulation-0.0.0-py3.10.egg-info
running install_scripts
Installing chassis_sim_node script to /home/sirius/ssd/ros2workspace/src/install/chassis_simulation/lib/chassis_simulation
writing list of installed files to '/home/sirius/ssd/ros2workspace/src/build/chassis_simulation/install.log'
