[0.020s] Invoking command in '/home/sirius/ssd/ros2workspace/src/build/chassis_display': CMAKE_PREFIX_PATH=${CMAKE_PREFIX_PATH}:/home/sirius/ssd/ros2workspace/install/yolo_detector:/home/sirius/ssd/ros2workspace/install/wheel_odom_driver:/home/sirius/ssd/ros2workspace/install/vision_services:/home/sirius/ssd/ros2workspace/install/start_engine:/home/sirius/ssd/ros2workspace/install/optical_flow_ros:/home/sirius/ssd/ros2workspace/install/number_detection:/home/sirius/ssd/ros2workspace/install/keyboard_teleop:/home/sirius/ssd/ros2workspace/install/gimbal_trajectory_planner:/home/sirius/ssd/ros2workspace/install/gimbal_serial_comm:/home/sirius/ssd/ros2workspace/install/gimbal_pixel_mapper:/home/sirius/ssd/ros2workspace/install/gimbal_pixel_controller:/home/sirius/ssd/ros2workspace/install/gimbal_controller:/home/sirius/ssd/ros2workspace/install/chassis_visualization:/home/sirius/ssd/ros2workspace/install/camera_pub:/home/sirius/ssd/ros2workspace/install/camera_driver:/opt/ros/humble /usr/bin/cmake /home/sirius/ssd/ros2workspace/src/chassis_display -DCMAKE_INSTALL_PREFIX=/home/sirius/ssd/ros2workspace/src/install/chassis_display
[0.254s] -- The C compiler identification is GNU 11.4.0
[0.652s] -- The CXX compiler identification is GNU 11.4.0
[0.676s] -- Detecting C compiler ABI info
[0.837s] -- Detecting C compiler ABI info - done
[0.862s] -- Check for working C compiler: /usr/bin/cc - skipped
[0.864s] -- Detecting C compile features
[0.866s] -- Detecting C compile features - done
[0.877s] -- Detecting CXX compiler ABI info
[1.056s] -- Detecting CXX compiler ABI info - done
[1.074s] -- Check for working CXX compiler: /usr/bin/c++ - skipped
[1.075s] -- Detecting CXX compile features
[1.076s] -- Detecting CXX compile features - done
[1.095s] -- Found ament_cmake: 1.3.11 (/opt/ros/humble/share/ament_cmake/cmake)
[1.497s] -- Found Python3: /usr/bin/python3 (found version "3.10.12") found components: Interpreter 
[1.822s] -- Found ament_lint_auto: 0.12.12 (/opt/ros/humble/share/ament_lint_auto/cmake)
[2.043s] -- Added test 'flake8' to check Python code syntax and style conventions
[2.045s] -- Added test 'lint_cmake' to check CMake code style
[2.047s] -- Added test 'pep257' to check Python code against some of the docstring style conventions in PEP 257
[2.051s] -- Added test 'xmllint' to check XML markup files
[2.056s] -- Configuring done
[2.062s] -- Generating done
[2.065s] -- Build files have been written to: /home/sirius/ssd/ros2workspace/src/build/chassis_display
[2.075s] Invoked command in '/home/sirius/ssd/ros2workspace/src/build/chassis_display' returned '0': CMAKE_PREFIX_PATH=${CMAKE_PREFIX_PATH}:/home/sirius/ssd/ros2workspace/install/yolo_detector:/home/sirius/ssd/ros2workspace/install/wheel_odom_driver:/home/sirius/ssd/ros2workspace/install/vision_services:/home/sirius/ssd/ros2workspace/install/start_engine:/home/sirius/ssd/ros2workspace/install/optical_flow_ros:/home/sirius/ssd/ros2workspace/install/number_detection:/home/sirius/ssd/ros2workspace/install/keyboard_teleop:/home/sirius/ssd/ros2workspace/install/gimbal_trajectory_planner:/home/sirius/ssd/ros2workspace/install/gimbal_serial_comm:/home/sirius/ssd/ros2workspace/install/gimbal_pixel_mapper:/home/sirius/ssd/ros2workspace/install/gimbal_pixel_controller:/home/sirius/ssd/ros2workspace/install/gimbal_controller:/home/sirius/ssd/ros2workspace/install/chassis_visualization:/home/sirius/ssd/ros2workspace/install/camera_pub:/home/sirius/ssd/ros2workspace/install/camera_driver:/opt/ros/humble /usr/bin/cmake /home/sirius/ssd/ros2workspace/src/chassis_display -DCMAKE_INSTALL_PREFIX=/home/sirius/ssd/ros2workspace/src/install/chassis_display
[2.079s] Invoking command in '/home/sirius/ssd/ros2workspace/src/build/chassis_display': CMAKE_PREFIX_PATH=${CMAKE_PREFIX_PATH}:/home/sirius/ssd/ros2workspace/install/yolo_detector:/home/sirius/ssd/ros2workspace/install/wheel_odom_driver:/home/sirius/ssd/ros2workspace/install/vision_services:/home/sirius/ssd/ros2workspace/install/start_engine:/home/sirius/ssd/ros2workspace/install/optical_flow_ros:/home/sirius/ssd/ros2workspace/install/number_detection:/home/sirius/ssd/ros2workspace/install/keyboard_teleop:/home/sirius/ssd/ros2workspace/install/gimbal_trajectory_planner:/home/sirius/ssd/ros2workspace/install/gimbal_serial_comm:/home/sirius/ssd/ros2workspace/install/gimbal_pixel_mapper:/home/sirius/ssd/ros2workspace/install/gimbal_pixel_controller:/home/sirius/ssd/ros2workspace/install/gimbal_controller:/home/sirius/ssd/ros2workspace/install/chassis_visualization:/home/sirius/ssd/ros2workspace/install/camera_pub:/home/sirius/ssd/ros2workspace/install/camera_driver:/opt/ros/humble /usr/bin/cmake --build /home/sirius/ssd/ros2workspace/src/build/chassis_display -- -j6 -l6
[2.169s] Invoked command in '/home/sirius/ssd/ros2workspace/src/build/chassis_display' returned '0': CMAKE_PREFIX_PATH=${CMAKE_PREFIX_PATH}:/home/sirius/ssd/ros2workspace/install/yolo_detector:/home/sirius/ssd/ros2workspace/install/wheel_odom_driver:/home/sirius/ssd/ros2workspace/install/vision_services:/home/sirius/ssd/ros2workspace/install/start_engine:/home/sirius/ssd/ros2workspace/install/optical_flow_ros:/home/sirius/ssd/ros2workspace/install/number_detection:/home/sirius/ssd/ros2workspace/install/keyboard_teleop:/home/sirius/ssd/ros2workspace/install/gimbal_trajectory_planner:/home/sirius/ssd/ros2workspace/install/gimbal_serial_comm:/home/sirius/ssd/ros2workspace/install/gimbal_pixel_mapper:/home/sirius/ssd/ros2workspace/install/gimbal_pixel_controller:/home/sirius/ssd/ros2workspace/install/gimbal_controller:/home/sirius/ssd/ros2workspace/install/chassis_visualization:/home/sirius/ssd/ros2workspace/install/camera_pub:/home/sirius/ssd/ros2workspace/install/camera_driver:/opt/ros/humble /usr/bin/cmake --build /home/sirius/ssd/ros2workspace/src/build/chassis_display -- -j6 -l6
[2.192s] Invoking command in '/home/sirius/ssd/ros2workspace/src/build/chassis_display': CMAKE_PREFIX_PATH=${CMAKE_PREFIX_PATH}:/home/sirius/ssd/ros2workspace/install/yolo_detector:/home/sirius/ssd/ros2workspace/install/wheel_odom_driver:/home/sirius/ssd/ros2workspace/install/vision_services:/home/sirius/ssd/ros2workspace/install/start_engine:/home/sirius/ssd/ros2workspace/install/optical_flow_ros:/home/sirius/ssd/ros2workspace/install/number_detection:/home/sirius/ssd/ros2workspace/install/keyboard_teleop:/home/sirius/ssd/ros2workspace/install/gimbal_trajectory_planner:/home/sirius/ssd/ros2workspace/install/gimbal_serial_comm:/home/sirius/ssd/ros2workspace/install/gimbal_pixel_mapper:/home/sirius/ssd/ros2workspace/install/gimbal_pixel_controller:/home/sirius/ssd/ros2workspace/install/gimbal_controller:/home/sirius/ssd/ros2workspace/install/chassis_visualization:/home/sirius/ssd/ros2workspace/install/camera_pub:/home/sirius/ssd/ros2workspace/install/camera_driver:/opt/ros/humble /usr/bin/cmake --install /home/sirius/ssd/ros2workspace/src/build/chassis_display
[2.210s] -- Install configuration: ""
[2.210s] -- Installing: /home/sirius/ssd/ros2workspace/src/install/chassis_display/share/chassis_display//urdf
[2.210s] -- Installing: /home/sirius/ssd/ros2workspace/src/install/chassis_display/share/chassis_display//urdf/chassis.urdf
[2.211s] -- Installing: /home/sirius/ssd/ros2workspace/src/install/chassis_display/share/chassis_display//rviz
[2.211s] -- Installing: /home/sirius/ssd/ros2workspace/src/install/chassis_display/share/chassis_display//rviz/chassis_display.rviz
[2.211s] -- Installing: /home/sirius/ssd/ros2workspace/src/install/chassis_display/share/chassis_display//launch
[2.212s] -- Installing: /home/sirius/ssd/ros2workspace/src/install/chassis_display/share/chassis_display//launch/display.launch.py
[2.212s] -- Installing: /home/sirius/ssd/ros2workspace/src/install/chassis_display/share/ament_index/resource_index/package_run_dependencies/chassis_display
[2.212s] -- Installing: /home/sirius/ssd/ros2workspace/src/install/chassis_display/share/ament_index/resource_index/parent_prefix_path/chassis_display
[2.213s] -- Installing: /home/sirius/ssd/ros2workspace/src/install/chassis_display/share/chassis_display/environment/ament_prefix_path.sh
[2.213s] -- Installing: /home/sirius/ssd/ros2workspace/src/install/chassis_display/share/chassis_display/environment/ament_prefix_path.dsv
[2.213s] -- Installing: /home/sirius/ssd/ros2workspace/src/install/chassis_display/share/chassis_display/environment/path.sh
[2.213s] -- Installing: /home/sirius/ssd/ros2workspace/src/install/chassis_display/share/chassis_display/environment/path.dsv
[2.214s] -- Installing: /home/sirius/ssd/ros2workspace/src/install/chassis_display/share/chassis_display/local_setup.bash
[2.214s] -- Installing: /home/sirius/ssd/ros2workspace/src/install/chassis_display/share/chassis_display/local_setup.sh
[2.214s] -- Installing: /home/sirius/ssd/ros2workspace/src/install/chassis_display/share/chassis_display/local_setup.zsh
[2.215s] -- Installing: /home/sirius/ssd/ros2workspace/src/install/chassis_display/share/chassis_display/local_setup.dsv
[2.215s] -- Installing: /home/sirius/ssd/ros2workspace/src/install/chassis_display/share/chassis_display/package.dsv
[2.215s] -- Installing: /home/sirius/ssd/ros2workspace/src/install/chassis_display/share/ament_index/resource_index/packages/chassis_display
[2.215s] -- Installing: /home/sirius/ssd/ros2workspace/src/install/chassis_display/share/chassis_display/cmake/chassis_displayConfig.cmake
[2.216s] -- Installing: /home/sirius/ssd/ros2workspace/src/install/chassis_display/share/chassis_display/cmake/chassis_displayConfig-version.cmake
[2.216s] -- Installing: /home/sirius/ssd/ros2workspace/src/install/chassis_display/share/chassis_display/package.xml
[2.221s] Invoked command in '/home/sirius/ssd/ros2workspace/src/build/chassis_display' returned '0': CMAKE_PREFIX_PATH=${CMAKE_PREFIX_PATH}:/home/sirius/ssd/ros2workspace/install/yolo_detector:/home/sirius/ssd/ros2workspace/install/wheel_odom_driver:/home/sirius/ssd/ros2workspace/install/vision_services:/home/sirius/ssd/ros2workspace/install/start_engine:/home/sirius/ssd/ros2workspace/install/optical_flow_ros:/home/sirius/ssd/ros2workspace/install/number_detection:/home/sirius/ssd/ros2workspace/install/keyboard_teleop:/home/sirius/ssd/ros2workspace/install/gimbal_trajectory_planner:/home/sirius/ssd/ros2workspace/install/gimbal_serial_comm:/home/sirius/ssd/ros2workspace/install/gimbal_pixel_mapper:/home/sirius/ssd/ros2workspace/install/gimbal_pixel_controller:/home/sirius/ssd/ros2workspace/install/gimbal_controller:/home/sirius/ssd/ros2workspace/install/chassis_visualization:/home/sirius/ssd/ros2workspace/install/camera_pub:/home/sirius/ssd/ros2workspace/install/camera_driver:/opt/ros/humble /usr/bin/cmake --install /home/sirius/ssd/ros2workspace/src/build/chassis_display
