[1.430s] Invoking command in '/home/sirius/ssd/ros2workspace/src/chassis_simulation': PYTHONPATH=/home/sirius/ssd/ros2workspace/src/build/chassis_simulation/prefix_override:/usr/lib/python3/dist-packages/colcon_core/task/python/colcon_distutils_commands:/home/sirius/ssd/ros2workspace/src/install/chassis_simulation/lib/python3.10/site-packages:${PYTHONPATH} /usr/bin/python3 -W ignore:setup.py install is deprecated -W ignore:easy_install command is deprecated setup.py egg_info --egg-base ../build/chassis_simulation build --build-base /home/sirius/ssd/ros2workspace/src/build/chassis_simulation/build install --record /home/sirius/ssd/ros2workspace/src/build/chassis_simulation/install.log --single-version-externally-managed install_data
[2.042s] running egg_info
[2.043s] creating ../build/chassis_simulation/chassis_simulation.egg-info
[2.043s] writing ../build/chassis_simulation/chassis_simulation.egg-info/PKG-INFO
[2.044s] writing dependency_links to ../build/chassis_simulation/chassis_simulation.egg-info/dependency_links.txt
[2.044s] writing entry points to ../build/chassis_simulation/chassis_simulation.egg-info/entry_points.txt
[2.045s] writing requirements to ../build/chassis_simulation/chassis_simulation.egg-info/requires.txt
[2.045s] writing top-level names to ../build/chassis_simulation/chassis_simulation.egg-info/top_level.txt
[2.045s] writing manifest file '../build/chassis_simulation/chassis_simulation.egg-info/SOURCES.txt'
[2.047s] reading manifest file '../build/chassis_simulation/chassis_simulation.egg-info/SOURCES.txt'
[2.049s] writing manifest file '../build/chassis_simulation/chassis_simulation.egg-info/SOURCES.txt'
[2.050s] running build
[2.050s] running build_py
[2.051s] creating /home/sirius/ssd/ros2workspace/src/build/chassis_simulation/build
[2.051s] creating /home/sirius/ssd/ros2workspace/src/build/chassis_simulation/build/lib
[2.051s] creating /home/sirius/ssd/ros2workspace/src/build/chassis_simulation/build/lib/chassis_simulation
[2.052s] copying chassis_simulation/chassis_sim_node.py -> /home/sirius/ssd/ros2workspace/src/build/chassis_simulation/build/lib/chassis_simulation
[2.052s] copying chassis_simulation/__init__.py -> /home/sirius/ssd/ros2workspace/src/build/chassis_simulation/build/lib/chassis_simulation
[2.052s] running install
[2.052s] running install_lib
[2.053s] creating /home/sirius/ssd/ros2workspace/src/install/chassis_simulation/lib/python3.10/site-packages/chassis_simulation
[2.053s] copying /home/sirius/ssd/ros2workspace/src/build/chassis_simulation/build/lib/chassis_simulation/chassis_sim_node.py -> /home/sirius/ssd/ros2workspace/src/install/chassis_simulation/lib/python3.10/site-packages/chassis_simulation
[2.053s] copying /home/sirius/ssd/ros2workspace/src/build/chassis_simulation/build/lib/chassis_simulation/__init__.py -> /home/sirius/ssd/ros2workspace/src/install/chassis_simulation/lib/python3.10/site-packages/chassis_simulation
[2.055s] byte-compiling /home/sirius/ssd/ros2workspace/src/install/chassis_simulation/lib/python3.10/site-packages/chassis_simulation/chassis_sim_node.py to chassis_sim_node.cpython-310.pyc
[2.057s] byte-compiling /home/sirius/ssd/ros2workspace/src/install/chassis_simulation/lib/python3.10/site-packages/chassis_simulation/__init__.py to __init__.cpython-310.pyc
[2.057s] running install_data
[2.058s] creating /home/sirius/ssd/ros2workspace/src/install/chassis_simulation/share/ament_index
[2.058s] creating /home/sirius/ssd/ros2workspace/src/install/chassis_simulation/share/ament_index/resource_index
[2.059s] creating /home/sirius/ssd/ros2workspace/src/install/chassis_simulation/share/ament_index/resource_index/packages
[2.059s] copying resource/chassis_simulation -> /home/sirius/ssd/ros2workspace/src/install/chassis_simulation/share/ament_index/resource_index/packages
[2.059s] copying package.xml -> /home/sirius/ssd/ros2workspace/src/install/chassis_simulation/share/chassis_simulation
[2.059s] creating /home/sirius/ssd/ros2workspace/src/install/chassis_simulation/share/chassis_simulation/launch
[2.060s] copying launch/simulation.launch.py -> /home/sirius/ssd/ros2workspace/src/install/chassis_simulation/share/chassis_simulation/launch
[2.060s] running install_egg_info
[2.063s] Copying ../build/chassis_simulation/chassis_simulation.egg-info to /home/sirius/ssd/ros2workspace/src/install/chassis_simulation/lib/python3.10/site-packages/chassis_simulation-0.0.0-py3.10.egg-info
[2.065s] running install_scripts
[2.106s] Installing chassis_sim_node script to /home/sirius/ssd/ros2workspace/src/install/chassis_simulation/lib/chassis_simulation
[2.107s] writing list of installed files to '/home/sirius/ssd/ros2workspace/src/build/chassis_simulation/install.log'
[2.175s] Invoked command in '/home/sirius/ssd/ros2workspace/src/chassis_simulation' returned '0': PYTHONPATH=/home/sirius/ssd/ros2workspace/src/build/chassis_simulation/prefix_override:/usr/lib/python3/dist-packages/colcon_core/task/python/colcon_distutils_commands:/home/sirius/ssd/ros2workspace/src/install/chassis_simulation/lib/python3.10/site-packages:${PYTHONPATH} /usr/bin/python3 -W ignore:setup.py install is deprecated -W ignore:easy_install command is deprecated setup.py egg_info --egg-base ../build/chassis_simulation build --build-base /home/sirius/ssd/ros2workspace/src/build/chassis_simulation/build install --record /home/sirius/ssd/ros2workspace/src/build/chassis_simulation/install.log --single-version-externally-managed install_data
