-- Install configuration: ""
-- Up-to-date: /home/sirius/ssd/ros2workspace/src/install/chassis_display/share/chassis_display//urdf
-- Up-to-date: /home/sirius/ssd/ros2workspace/src/install/chassis_display/share/chassis_display//urdf/chassis.urdf
-- Up-to-date: /home/sirius/ssd/ros2workspace/src/install/chassis_display/share/chassis_display//rviz
-- Up-to-date: /home/sirius/ssd/ros2workspace/src/install/chassis_display/share/chassis_display//rviz/chassis_display.rviz
-- Up-to-date: /home/sirius/ssd/ros2workspace/src/install/chassis_display/share/chassis_display//launch
-- Installing: /home/sirius/ssd/ros2workspace/src/install/chassis_display/share/chassis_display//launch/display.launch.py
-- Up-to-date: /home/sirius/ssd/ros2workspace/src/install/chassis_display/share/ament_index/resource_index/package_run_dependencies/chassis_display
-- Up-to-date: /home/sirius/ssd/ros2workspace/src/install/chassis_display/share/ament_index/resource_index/parent_prefix_path/chassis_display
-- Up-to-date: /home/sirius/ssd/ros2workspace/src/install/chassis_display/share/chassis_display/environment/ament_prefix_path.sh
-- Up-to-date: /home/sirius/ssd/ros2workspace/src/install/chassis_display/share/chassis_display/environment/ament_prefix_path.dsv
-- Up-to-date: /home/sirius/ssd/ros2workspace/src/install/chassis_display/share/chassis_display/environment/path.sh
-- Up-to-date: /home/sirius/ssd/ros2workspace/src/install/chassis_display/share/chassis_display/environment/path.dsv
-- Up-to-date: /home/sirius/ssd/ros2workspace/src/install/chassis_display/share/chassis_display/local_setup.bash
-- Up-to-date: /home/sirius/ssd/ros2workspace/src/install/chassis_display/share/chassis_display/local_setup.sh
-- Up-to-date: /home/sirius/ssd/ros2workspace/src/install/chassis_display/share/chassis_display/local_setup.zsh
-- Up-to-date: /home/sirius/ssd/ros2workspace/src/install/chassis_display/share/chassis_display/local_setup.dsv
-- Up-to-date: /home/sirius/ssd/ros2workspace/src/install/chassis_display/share/chassis_display/package.dsv
-- Up-to-date: /home/sirius/ssd/ros2workspace/src/install/chassis_display/share/ament_index/resource_index/packages/chassis_display
-- Up-to-date: /home/sirius/ssd/ros2workspace/src/install/chassis_display/share/chassis_display/cmake/chassis_displayConfig.cmake
-- Up-to-date: /home/sirius/ssd/ros2workspace/src/install/chassis_display/share/chassis_display/cmake/chassis_displayConfig-version.cmake
-- Up-to-date: /home/sirius/ssd/ros2workspace/src/install/chassis_display/share/chassis_display/package.xml
