[0.023s] Invoking command in '/home/sirius/ssd/ros2workspace/src/build/chassis_display': CMAKE_PREFIX_PATH=${CMAKE_PREFIX_PATH}:/home/sirius/ssd/ros2workspace/install/yolo_detector:/home/sirius/ssd/ros2workspace/install/wheel_odom_driver:/home/sirius/ssd/ros2workspace/install/vision_services:/home/sirius/ssd/ros2workspace/install/start_engine:/home/sirius/ssd/ros2workspace/install/optical_flow_ros:/home/sirius/ssd/ros2workspace/install/number_detection:/home/sirius/ssd/ros2workspace/install/keyboard_teleop:/home/sirius/ssd/ros2workspace/install/gimbal_trajectory_planner:/home/sirius/ssd/ros2workspace/install/gimbal_serial_comm:/home/sirius/ssd/ros2workspace/install/gimbal_pixel_mapper:/home/sirius/ssd/ros2workspace/install/gimbal_pixel_controller:/home/sirius/ssd/ros2workspace/install/gimbal_controller:/home/sirius/ssd/ros2workspace/install/chassis_visualization:/home/sirius/ssd/ros2workspace/install/camera_pub:/home/sirius/ssd/ros2workspace/install/camera_driver:/opt/ros/humble /usr/bin/cmake --build /home/sirius/ssd/ros2workspace/src/build/chassis_display -- -j6 -l6
[0.102s] Invoked command in '/home/sirius/ssd/ros2workspace/src/build/chassis_display' returned '0': CMAKE_PREFIX_PATH=${CMAKE_PREFIX_PATH}:/home/sirius/ssd/ros2workspace/install/yolo_detector:/home/sirius/ssd/ros2workspace/install/wheel_odom_driver:/home/sirius/ssd/ros2workspace/install/vision_services:/home/sirius/ssd/ros2workspace/install/start_engine:/home/sirius/ssd/ros2workspace/install/optical_flow_ros:/home/sirius/ssd/ros2workspace/install/number_detection:/home/sirius/ssd/ros2workspace/install/keyboard_teleop:/home/sirius/ssd/ros2workspace/install/gimbal_trajectory_planner:/home/sirius/ssd/ros2workspace/install/gimbal_serial_comm:/home/sirius/ssd/ros2workspace/install/gimbal_pixel_mapper:/home/sirius/ssd/ros2workspace/install/gimbal_pixel_controller:/home/sirius/ssd/ros2workspace/install/gimbal_controller:/home/sirius/ssd/ros2workspace/install/chassis_visualization:/home/sirius/ssd/ros2workspace/install/camera_pub:/home/sirius/ssd/ros2workspace/install/camera_driver:/opt/ros/humble /usr/bin/cmake --build /home/sirius/ssd/ros2workspace/src/build/chassis_display -- -j6 -l6
[0.125s] Invoking command in '/home/sirius/ssd/ros2workspace/src/build/chassis_display': CMAKE_PREFIX_PATH=${CMAKE_PREFIX_PATH}:/home/sirius/ssd/ros2workspace/install/yolo_detector:/home/sirius/ssd/ros2workspace/install/wheel_odom_driver:/home/sirius/ssd/ros2workspace/install/vision_services:/home/sirius/ssd/ros2workspace/install/start_engine:/home/sirius/ssd/ros2workspace/install/optical_flow_ros:/home/sirius/ssd/ros2workspace/install/number_detection:/home/sirius/ssd/ros2workspace/install/keyboard_teleop:/home/sirius/ssd/ros2workspace/install/gimbal_trajectory_planner:/home/sirius/ssd/ros2workspace/install/gimbal_serial_comm:/home/sirius/ssd/ros2workspace/install/gimbal_pixel_mapper:/home/sirius/ssd/ros2workspace/install/gimbal_pixel_controller:/home/sirius/ssd/ros2workspace/install/gimbal_controller:/home/sirius/ssd/ros2workspace/install/chassis_visualization:/home/sirius/ssd/ros2workspace/install/camera_pub:/home/sirius/ssd/ros2workspace/install/camera_driver:/opt/ros/humble /usr/bin/cmake --install /home/sirius/ssd/ros2workspace/src/build/chassis_display
[0.144s] -- Install configuration: ""
[0.144s] -- Up-to-date: /home/sirius/ssd/ros2workspace/src/install/chassis_display/share/chassis_display//urdf
[0.145s] -- Up-to-date: /home/sirius/ssd/ros2workspace/src/install/chassis_display/share/chassis_display//urdf/chassis.urdf
[0.145s] -- Up-to-date: /home/sirius/ssd/ros2workspace/src/install/chassis_display/share/chassis_display//rviz
[0.145s] -- Up-to-date: /home/sirius/ssd/ros2workspace/src/install/chassis_display/share/chassis_display//rviz/chassis_display.rviz
[0.145s] -- Up-to-date: /home/sirius/ssd/ros2workspace/src/install/chassis_display/share/chassis_display//launch
[0.145s] -- Installing: /home/sirius/ssd/ros2workspace/src/install/chassis_display/share/chassis_display//launch/display.launch.py
[0.145s] -- Up-to-date: /home/sirius/ssd/ros2workspace/src/install/chassis_display/share/ament_index/resource_index/package_run_dependencies/chassis_display
[0.146s] -- Up-to-date: /home/sirius/ssd/ros2workspace/src/install/chassis_display/share/ament_index/resource_index/parent_prefix_path/chassis_display
[0.146s] -- Up-to-date: /home/sirius/ssd/ros2workspace/src/install/chassis_display/share/chassis_display/environment/ament_prefix_path.sh
[0.146s] -- Up-to-date: /home/sirius/ssd/ros2workspace/src/install/chassis_display/share/chassis_display/environment/ament_prefix_path.dsv
[0.146s] -- Up-to-date: /home/sirius/ssd/ros2workspace/src/install/chassis_display/share/chassis_display/environment/path.sh
[0.146s] -- Up-to-date: /home/sirius/ssd/ros2workspace/src/install/chassis_display/share/chassis_display/environment/path.dsv
[0.147s] -- Up-to-date: /home/sirius/ssd/ros2workspace/src/install/chassis_display/share/chassis_display/local_setup.bash
[0.147s] -- Up-to-date: /home/sirius/ssd/ros2workspace/src/install/chassis_display/share/chassis_display/local_setup.sh
[0.147s] -- Up-to-date: /home/sirius/ssd/ros2workspace/src/install/chassis_display/share/chassis_display/local_setup.zsh
[0.147s] -- Up-to-date: /home/sirius/ssd/ros2workspace/src/install/chassis_display/share/chassis_display/local_setup.dsv
[0.147s] -- Up-to-date: /home/sirius/ssd/ros2workspace/src/install/chassis_display/share/chassis_display/package.dsv
[0.147s] -- Up-to-date: /home/sirius/ssd/ros2workspace/src/install/chassis_display/share/ament_index/resource_index/packages/chassis_display
[0.147s] -- Up-to-date: /home/sirius/ssd/ros2workspace/src/install/chassis_display/share/chassis_display/cmake/chassis_displayConfig.cmake
[0.148s] -- Up-to-date: /home/sirius/ssd/ros2workspace/src/install/chassis_display/share/chassis_display/cmake/chassis_displayConfig-version.cmake
[0.148s] -- Up-to-date: /home/sirius/ssd/ros2workspace/src/install/chassis_display/share/chassis_display/package.xml
[0.151s] Invoked command in '/home/sirius/ssd/ros2workspace/src/build/chassis_display' returned '0': CMAKE_PREFIX_PATH=${CMAKE_PREFIX_PATH}:/home/sirius/ssd/ros2workspace/install/yolo_detector:/home/sirius/ssd/ros2workspace/install/wheel_odom_driver:/home/sirius/ssd/ros2workspace/install/vision_services:/home/sirius/ssd/ros2workspace/install/start_engine:/home/sirius/ssd/ros2workspace/install/optical_flow_ros:/home/sirius/ssd/ros2workspace/install/number_detection:/home/sirius/ssd/ros2workspace/install/keyboard_teleop:/home/sirius/ssd/ros2workspace/install/gimbal_trajectory_planner:/home/sirius/ssd/ros2workspace/install/gimbal_serial_comm:/home/sirius/ssd/ros2workspace/install/gimbal_pixel_mapper:/home/sirius/ssd/ros2workspace/install/gimbal_pixel_controller:/home/sirius/ssd/ros2workspace/install/gimbal_controller:/home/sirius/ssd/ros2workspace/install/chassis_visualization:/home/sirius/ssd/ros2workspace/install/camera_pub:/home/sirius/ssd/ros2workspace/install/camera_driver:/opt/ros/humble /usr/bin/cmake --install /home/sirius/ssd/ros2workspace/src/build/chassis_display
